TITLE : An_Example_Of_Bar_Element
        (21:51:5 on May 10, 2025, Saturday)

C O N T R O L   I N F O R M A T I O N

      NUMBER OF NODAL POINTS . . . . . . . . . . (NUMNP)  =     6
      NUMBER OF ELEMENT GROUPS . . . . . . . . . (NUMEG)  =     1
      NUMBER OF LOAD CASES . . . . . . . . . . . (NLCASE) =     1
      SOLUTION MODE  . . . . . . . . . . . . . . (MODEX)  =     1
         EQ.0, DATA CHECK
         EQ.1, EXECUTION

 N O D A L   P O I N T   D A T A

    NODE       BOUNDARY                         NODAL POINT
   NUMBER  CONDITION  CODES                     COORDINATES
        1    1    1    1       0.00000e+00    0.00000e+00    0.00000e+00
        2    0    1    1       1.00000e+00    0.00000e+00    0.00000e+00
        3    0    1    1       2.00000e+00    0.00000e+00    0.00000e+00
        4    0    1    1       3.00000e+00    0.00000e+00    0.00000e+00
        5    0    1    1       4.00000e+00    0.00000e+00    0.00000e+00
        6    0    1    1       5.00000e+00    0.00000e+00    0.00000e+00

 EQUATION NUMBERS

   NODE NUMBER   DEGREES OF FREEDOM
        N           X    Y    Z
        1           0    0    0
        2           1    0    0
        3           2    0    0
        4           3    0    0
        5           4    0    0
        6           5    0    0

 L O A D   C A S E   D A T A

     LOAD CASE NUMBER . . . . . . . =     1
     NUMBER OF CONCENTRATED LOADS . =     1

    NODE       DIRECTION      LOAD
   NUMBER                   MAGNITUDE
      6            1        1.00000e+00

 E L E M E N T   G R O U P   D A T A


 E L E M E N T   D E F I N I T I O N

 ELEMENT TYPE  . . . . . . . . . . . . .( NPAR(1) ) . . =    1
     EQ.1, TRUSS ELEMENTS
     EQ.2, ELEMENTS CURRENTLY
     EQ.3, NOT AVAILABLE

 NUMBER OF ELEMENTS. . . . . . . . . . .( NPAR(2) ) . . =    5

 M A T E R I A L   D E F I N I T I O N

 NUMBER OF DIFFERENT SETS OF MATERIAL
 AND CROSS-SECTIONAL  CONSTANTS  . . . .( NPAR(3) ) . . =    1

  SET       YOUNG'S     CROSS-SECTIONAL
 NUMBER     MODULUS          AREA
               E              A
    1     1.00000e+00     1.00000e+00


 E L E M E N T   I N F O R M A T I O N
 ELEMENT     NODE     NODE       MATERIAL
 NUMBER-N      I        J       SET NUMBER
    1          1        2           1
    2          2        3           1
    3          3        4           1
    4          4        5           1
    5          5        6           1

	TOTAL SYSTEM DATA

     NUMBER OF EQUATIONS . . . . . . . . . . . . . .(NEQ) = 5
     NUMBER OF MATRIX ELEMENTS . . . . . . . . . . .(NWK) = 9
     MAXIMUM HALF BANDWIDTH  . . . . . . . . . . . .(MK ) = 2
     MEAN HALF BANDWIDTH . . . . . . . . . . . . . .(MM ) = 1


 LOAD CASE    1


 D I S P L A C E M E N T S

  NODE           X-DISPLACEMENT    Y-DISPLACEMENT    Z-DISPLACEMENT
    1               0.00000e+00       0.00000e+00       0.00000e+00
    2               1.00000e+00       0.00000e+00       0.00000e+00
    3               2.00000e+00       0.00000e+00       0.00000e+00
    4               3.00000e+00       0.00000e+00       0.00000e+00
    5               4.00000e+00       0.00000e+00       0.00000e+00
    6               5.00000e+00       0.00000e+00       0.00000e+00

 S T R E S S  C A L C U L A T I O N S  F O R  E L E M E N T  G R O U P    1

  ELEMENT             FORCE            STRESS
  NUMBER
    1           1.00000e+00       1.00000e+00
    2           1.00000e+00       1.00000e+00
    3           1.00000e+00       1.00000e+00
    4           1.00000e+00       1.00000e+00
    5           1.00000e+00       1.00000e+00


 S O L U T I O N   T I M E   L O G   I N   S E C 

     TIME FOR INPUT PHASE = 7.40000e-02
     TIME FOR CALCULATION OF STIFFNESS MATRIX = 0.00000e+00
     TIME FOR FACTORIZATION AND LOAD CASE SOLUTIONS = 3.10000e-02

     T O T A L   S O L U T I O N   T I M E = 1.05000e-01

