TITLE : STAP90 input data for 40 T6 elements
        (19:39:41 on June 12, 2025, Thursday)

C O N T R O L   I N F O R M A T I O N

      NUMBER OF NODAL POINTS . . . . . . . . . . (NUMNP)  =   105
      NUMBER OF ELEMENT GROUPS . . . . . . . . . (NUMEG)  =     1
      NUMBER OF LOAD CASES . . . . . . . . . . . (NLCASE) =     1
      SOLUTION MODE  . . . . . . . . . . . . . . (MODEX)  =     1
         EQ.0, DATA CHECK
         EQ.1, EXECUTION

 N O D A L   P O I N T   D A T A

    NODE       BOUNDARY                         NODAL POINT
   NUMBER  CONDITION  CODES                     COORDINATES
        1    1    1    1       0.00000e+00    2.00000e+00    0.00000e+00
        2    1    1    1       0.00000e+00    1.00000e+00    0.00000e+00
        3    0    0    1       1.00000e+00    1.00000e+00    0.00000e+00
        4    1    1    1       0.00000e+00    1.50000e+00    0.00000e+00
        5    0    0    1       5.00000e-01    0.00000e+00    0.00000e+00
        6    0    0    1       5.00000e-01    1.50000e+00    0.00000e+00
        7    0    0    1       1.00000e+00    2.00000e+00    0.00000e+00
        8    0    0    1       1.00000e+00    1.50000e+00    0.00000e+00
        9    0    0    1       5.00000e-01    2.00000e+00    0.00000e+00
       10    1    1    1       0.00000e+00    0.00000e+00    0.00000e+00
       11    0    0    1       1.00000e+00    0.00000e+00    0.00000e+00
       12    1    1    1       0.00000e+00    5.00000e-01    0.00000e+00
       13    0    0    1       5.00000e-01    0.00000e+00    0.00000e+00
       14    0    0    1       5.00000e-01    5.00000e-01    0.00000e+00
       15    0    0    1       1.00000e+00    5.00000e-01    0.00000e+00
       16    0    0    1       2.00000e+00    1.00000e+00    0.00000e+00
       17    0    0    1       1.50000e+00    1.00000e+00    0.00000e+00
       18    0    0    1       1.50000e+00    1.50000e+00    0.00000e+00
       19    0    0    1       2.00000e+00    2.00000e+00    0.00000e+00
       20    0    0    1       2.00000e+00    1.50000e+00    0.00000e+00
       21    0    0    1       1.50000e+00    2.00000e+00    0.00000e+00
       22    0    0    1       2.00000e+00    0.00000e+00    0.00000e+00
       23    0    0    1       1.50000e+00    0.00000e+00    0.00000e+00
       24    0    0    1       1.50000e+00    5.00000e-01    0.00000e+00
       25    0    0    1       2.00000e+00    5.00000e-01    0.00000e+00
       26    0    0    1       3.00000e+00    1.00000e+00    0.00000e+00
       27    0    0    1       2.50000e+00    1.00000e+00    0.00000e+00
       28    0    0    1       2.50000e+00    1.50000e+00    0.00000e+00
       29    0    0    1       3.00000e+00    2.00000e+00    0.00000e+00
       30    0    0    1       3.00000e+00    1.50000e+00    0.00000e+00
       31    0    0    1       2.50000e+00    2.00000e+00    0.00000e+00
       32    0    0    1       3.00000e+00    0.00000e+00    0.00000e+00
       33    0    0    1       2.50000e+00    0.00000e+00    0.00000e+00
       34    0    0    1       2.50000e+00    5.00000e-01    0.00000e+00
       35    0    0    1       3.00000e+00    5.00000e-01    0.00000e+00
       36    0    0    1       4.00000e+00    1.00000e+00    0.00000e+00
       37    0    0    1       3.50000e+00    1.00000e+00    0.00000e+00
       38    0    0    1       3.50000e+00    1.50000e+00    0.00000e+00
       39    0    0    1       4.00000e+00    2.00000e+00    0.00000e+00
       40    0    0    1       4.00000e+00    1.50000e+00    0.00000e+00
       41    0    0    1       3.50000e+00    2.00000e+00    0.00000e+00
       42    0    0    1       4.00000e+00    0.00000e+00    0.00000e+00
       43    0    0    1       3.50000e+00    0.00000e+00    0.00000e+00
       44    0    0    1       3.50000e+00    5.00000e-01    0.00000e+00
       45    0    0    1       4.00000e+00    5.00000e-01    0.00000e+00
       46    0    0    1       5.00000e+00    1.00000e+00    0.00000e+00
       47    0    0    1       4.50000e+00    1.00000e+00    0.00000e+00
       48    0    0    1       4.50000e+00    1.50000e+00    0.00000e+00
       49    0    0    1       5.00000e+00    2.00000e+00    0.00000e+00
       50    0    0    1       5.00000e+00    1.50000e+00    0.00000e+00
       51    0    0    1       5.50000e+00    2.00000e+00    0.00000e+00
       52    0    0    1       5.00000e+00    0.00000e+00    0.00000e+00
       53    0    0    1       4.50000e+00    0.00000e+00    0.00000e+00
       54    0    0    1       4.50000e+00    5.00000e-01    0.00000e+00
       55    0    0    1       5.00000e+00    5.00000e-01    0.00000e+00
       56    0    0    1       6.00000e+00    1.00000e+00    0.00000e+00
       57    0    0    1       5.50000e+00    1.00000e+00    0.00000e+00
       58    0    0    1       5.50000e+00    1.50000e+00    0.00000e+00
       59    0    0    1       6.00000e+00    2.00000e+00    0.00000e+00
       60    0    0    1       6.00000e+00    1.50000e+00    0.00000e+00
       61    0    0    1       5.50000e+00    2.00000e+00    0.00000e+00
       62    0    0    1       6.00000e+00    0.00000e+00    0.00000e+00
       63    0    0    1       5.50000e+00    0.00000e+00    0.00000e+00
       64    0    0    1       5.50000e+00    5.00000e-01    0.00000e+00
       65    0    0    1       6.00000e+00    5.00000e-01    0.00000e+00
       66    0    0    1       7.00000e+00    1.00000e+00    0.00000e+00
       67    0    0    1       6.50000e+00    1.00000e+00    0.00000e+00
       68    0    0    1       6.50000e+00    1.50000e+00    0.00000e+00
       69    0    0    1       7.00000e+00    2.00000e+00    0.00000e+00
       70    0    0    1       7.00000e+00    1.50000e+00    0.00000e+00
       71    0    0    1       6.50000e+00    2.00000e+00    0.00000e+00
       72    0    0    1       7.00000e+00    0.00000e+00    0.00000e+00
       73    0    0    1       6.50000e+00    0.00000e+00    0.00000e+00
       74    0    0    1       6.50000e+00    5.00000e-01    0.00000e+00
       75    0    0    1       7.00000e+00    5.00000e-01    0.00000e+00
       76    0    0    1       8.00000e+00    1.00000e+00    0.00000e+00
       77    0    0    1       7.50000e+00    1.00000e+00    0.00000e+00
       78    0    0    1       7.50000e+00    1.50000e+00    0.00000e+00
       79    0    0    1       8.00000e+00    2.00000e+00    0.00000e+00
       80    0    0    1       8.00000e+00    1.50000e+00    0.00000e+00
       81    0    0    1       7.50000e+00    2.00000e+00    0.00000e+00
       82    0    0    1       8.00000e+00    0.00000e+00    0.00000e+00
       83    0    0    1       7.50000e+00    0.00000e+00    0.00000e+00
       84    0    0    1       7.50000e+00    5.00000e-01    0.00000e+00
       85    0    0    1       8.00000e+00    5.00000e-01    0.00000e+00
       86    0    0    1       9.00000e+00    1.00000e+00    0.00000e+00
       87    0    0    1       8.50000e+00    1.00000e+00    0.00000e+00
       88    0    0    1       8.50000e+00    1.50000e+00    0.00000e+00
       89    0    0    1       9.00000e+00    2.00000e+00    0.00000e+00
       90    0    0    1       9.00000e+00    1.50000e+00    0.00000e+00
       91    0    0    1       8.50000e+00    2.00000e+00    0.00000e+00
       92    0    0    1       9.00000e+00    0.00000e+00    0.00000e+00
       93    0    0    1       8.50000e+00    0.00000e+00    0.00000e+00
       94    0    0    1       8.50000e+00    5.00000e-01    0.00000e+00
       95    0    0    1       9.00000e+00    5.00000e-01    0.00000e+00
       96    0    0    1       1.00000e+01    1.00000e+00    0.00000e+00
       97    0    0    1       9.50000e+00    1.00000e+00    0.00000e+00
       98    0    0    1       9.50000e+00    1.50000e+00    0.00000e+00
       99    0    0    1       1.00000e+01    2.00000e+00    0.00000e+00
      100    0    0    1       1.00000e+01    1.50000e+00    0.00000e+00
      101    0    0    1       9.50000e+00    2.00000e+00    0.00000e+00
      102    0    0    1       1.00000e+01    0.00000e+00    0.00000e+00
      103    0    0    1       9.50000e+00    0.00000e+00    0.00000e+00
      104    0    0    1       9.50000e+00    5.00000e-01    0.00000e+00
      105    0    0    1       1.00000e+01    5.00000e-01    0.00000e+00

 EQUATION NUMBERS

   NODE NUMBER   DEGREES 	OF 	FREEDOM
        N           X    Y    Z    x    y    z
        1           0    0    0  N/A  N/A  N/A
        2           0    0    0  N/A  N/A  N/A
        3           1    2    0  N/A  N/A  N/A
        4           0    0    0  N/A  N/A  N/A
        5           3    4    0  N/A  N/A  N/A
        6           5    6    0  N/A  N/A  N/A
        7           7    8    0  N/A  N/A  N/A
        8           9   10    0  N/A  N/A  N/A
        9          11   12    0  N/A  N/A  N/A
       10           0    0    0  N/A  N/A  N/A
       11          13   14    0  N/A  N/A  N/A
       12           0    0    0  N/A  N/A  N/A
       13          15   16    0  N/A  N/A  N/A
       14          17   18    0  N/A  N/A  N/A
       15          19   20    0  N/A  N/A  N/A
       16          21   22    0  N/A  N/A  N/A
       17          23   24    0  N/A  N/A  N/A
       18          25   26    0  N/A  N/A  N/A
       19          27   28    0  N/A  N/A  N/A
       20          29   30    0  N/A  N/A  N/A
       21          31   32    0  N/A  N/A  N/A
       22          33   34    0  N/A  N/A  N/A
       23          35   36    0  N/A  N/A  N/A
       24          37   38    0  N/A  N/A  N/A
       25          39   40    0  N/A  N/A  N/A
       26          41   42    0  N/A  N/A  N/A
       27          43   44    0  N/A  N/A  N/A
       28          45   46    0  N/A  N/A  N/A
       29          47   48    0  N/A  N/A  N/A
       30          49   50    0  N/A  N/A  N/A
       31          51   52    0  N/A  N/A  N/A
       32          53   54    0  N/A  N/A  N/A
       33          55   56    0  N/A  N/A  N/A
       34          57   58    0  N/A  N/A  N/A
       35          59   60    0  N/A  N/A  N/A
       36          61   62    0  N/A  N/A  N/A
       37          63   64    0  N/A  N/A  N/A
       38          65   66    0  N/A  N/A  N/A
       39          67   68    0  N/A  N/A  N/A
       40          69   70    0  N/A  N/A  N/A
       41          71   72    0  N/A  N/A  N/A
       42          73   74    0  N/A  N/A  N/A
       43          75   76    0  N/A  N/A  N/A
       44          77   78    0  N/A  N/A  N/A
       45          79   80    0  N/A  N/A  N/A
       46          81   82    0  N/A  N/A  N/A
       47          83   84    0  N/A  N/A  N/A
       48          85   86    0  N/A  N/A  N/A
       49          87   88    0  N/A  N/A  N/A
       50          89   90    0  N/A  N/A  N/A
       51          91   92    0  N/A  N/A  N/A
       52          93   94    0  N/A  N/A  N/A
       53          95   96    0  N/A  N/A  N/A
       54          97   98    0  N/A  N/A  N/A
       55          99  100    0  N/A  N/A  N/A
       56         101  102    0  N/A  N/A  N/A
       57         103  104    0  N/A  N/A  N/A
       58         105  106    0  N/A  N/A  N/A
       59         107  108    0  N/A  N/A  N/A
       60         109  110    0  N/A  N/A  N/A
       61         111  112    0  N/A  N/A  N/A
       62         113  114    0  N/A  N/A  N/A
       63         115  116    0  N/A  N/A  N/A
       64         117  118    0  N/A  N/A  N/A
       65         119  120    0  N/A  N/A  N/A
       66         121  122    0  N/A  N/A  N/A
       67         123  124    0  N/A  N/A  N/A
       68         125  126    0  N/A  N/A  N/A
       69         127  128    0  N/A  N/A  N/A
       70         129  130    0  N/A  N/A  N/A
       71         131  132    0  N/A  N/A  N/A
       72         133  134    0  N/A  N/A  N/A
       73         135  136    0  N/A  N/A  N/A
       74         137  138    0  N/A  N/A  N/A
       75         139  140    0  N/A  N/A  N/A
       76         141  142    0  N/A  N/A  N/A
       77         143  144    0  N/A  N/A  N/A
       78         145  146    0  N/A  N/A  N/A
       79         147  148    0  N/A  N/A  N/A
       80         149  150    0  N/A  N/A  N/A
       81         151  152    0  N/A  N/A  N/A
       82         153  154    0  N/A  N/A  N/A
       83         155  156    0  N/A  N/A  N/A
       84         157  158    0  N/A  N/A  N/A
       85         159  160    0  N/A  N/A  N/A
       86         161  162    0  N/A  N/A  N/A
       87         163  164    0  N/A  N/A  N/A
       88         165  166    0  N/A  N/A  N/A
       89         167  168    0  N/A  N/A  N/A
       90         169  170    0  N/A  N/A  N/A
       91         171  172    0  N/A  N/A  N/A
       92         173  174    0  N/A  N/A  N/A
       93         175  176    0  N/A  N/A  N/A
       94         177  178    0  N/A  N/A  N/A
       95         179  180    0  N/A  N/A  N/A
       96         181  182    0  N/A  N/A  N/A
       97         183  184    0  N/A  N/A  N/A
       98         185  186    0  N/A  N/A  N/A
       99         187  188    0  N/A  N/A  N/A
      100         189  190    0  N/A  N/A  N/A
      101         191  192    0  N/A  N/A  N/A
      102         193  194    0  N/A  N/A  N/A
      103         195  196    0  N/A  N/A  N/A
      104         197  198    0  N/A  N/A  N/A
      105         199  200    0  N/A  N/A  N/A

 L O A D   C A S E   D A T A

     LOAD CASE NUMBER . . . . . . . =     1
     NUMBER OF CONCENTRATED LOADS . =     5

    NODE       DIRECTION      LOAD
   NUMBER                   MAGNITUDE
     96            2        5.00000e+00
     99            2        2.50000e+00
    100            2        1.00000e+01
    102            2        2.50000e+00
    105            2        1.00000e+01

 E L E M E N T   G R O U P   D A T A


 E L E M E N T   D E F I N I T I O N

 ELEMENT TYPE  . . . . . . . . . . . . .( NPAR(1) ) . . =   12
     EQ.1, TRUSS ELEMENTS
     EQ.2, CST
     EQ.3, Q4
     EQ.4, Q8
     EQ.7, H8
     EQ.11, Tet4
     EQ.12, T6

 NUMBER OF ELEMENTS. . . . . . . . . . .( NPAR(2) ) . . =   40

 M A T E R I A L   D E F I N I T I O N

 NUMBER OF DIFFERENT SETS OF MATERIAL    1

  SET       YOUNG'S        POISSON'S        THICK        PLANE-
 NUMBER     MODULUS          RATIO          -NESS        STRAIN
               E              nu              t           FLAG
    1     1.00000e+04     0.00000e+00     1.00000e+00       0


 E L E M E N T   I N F O R M A T I O N
 ELEMENT     NODE       NODE     	NODE      NODE      NODE       NODE        MATERIAL
 NUMBER-N      I          J         K         L         M          N          SET NUMBER
    1          1          2          3          4          5          6           1
    2          1          3          7          6          8          9           1
    3          2         10         11         12         13         14           1
    4          2         11          3         14         15          5           1
    5          7          3         16          8         17         18           1
    6          7         16         19         18         20         21           1
    7          3         11         22         15         23         24           1
    8          3         22         16         24         25         17           1
    9         19         16         26         20         27         28           1
   10         19         26         29         28         30         31           1
   11         16         22         32         25         33         34           1
   12         16         32         26         34         35         27           1
   13         29         26         36         30         37         38           1
   14         29         36         39         38         40         41           1
   15         26         32         42         35         43         44           1
   16         26         42         36         44         45         37           1
   17         39         36         46         40         47         48           1
   18         39         46         49         48         50         51           1
   19         36         42         52         45         53         54           1
   20         36         52         46         54         55         47           1
   21         49         46         56         50         57         58           1
   22         49         56         59         58         60         61           1
   23         46         52         62         55         63         64           1
   24         46         62         56         64         65         57           1
   25         59         56         66         60         67         68           1
   26         59         66         69         68         70         71           1
   27         56         62         72         65         73         74           1
   28         56         72         66         74         75         67           1
   29         69         66         76         70         77         78           1
   30         69         76         79         78         80         81           1
   31         66         72         82         75         83         84           1
   32         66         82         76         84         85         77           1
   33         79         76         86         80         87         88           1
   34         79         86         89         88         90         91           1
   35         76         82         92         85         93         94           1
   36         76         92         86         94         95         87           1
   37         89         86         96         90         97         98           1
   38         89         96         99         98        100        101           1
   39         86         92        102         95        103        104           1
   40         86        102         96        104        105         97           1

	TOTAL SYSTEM DATA

     NUMBER OF EQUATIONS . . . . . . . . . . . . . .(NEQ) = 200
     NUMBER OF MATRIX ELEMENTS . . . . . . . . . . .(NWK) = 5352
     MAXIMUM HALF BANDWIDTH  . . . . . . . . . . . .(MK ) = 40
     MEAN HALF BANDWIDTH . . . . . . . . . . . . . .(MM ) = 26


 D I S P L A C E M E N T S

  NODE            X-DISPLACEMENT    Y-DISPLACEMENT    Z-DISPLACEMENT    X-ROTATION    Y-ROTATION    Z-ROTATION
    1               0.00000e+00       0.00000e+00       0.00000e+00         N/A          N/A            N/A
    2               0.00000e+00       0.00000e+00       0.00000e+00         N/A          N/A            N/A
    3              -2.50955e-03       3.48688e-02       0.00000e+00         N/A          N/A            N/A
    4               0.00000e+00       0.00000e+00       0.00000e+00         N/A          N/A            N/A
    5               3.70461e-02      -2.09984e-02       0.00000e+00         N/A          N/A            N/A
    6              -1.43353e-02       1.23687e-02       0.00000e+00         N/A          N/A            N/A
    7              -4.49974e-02       2.96648e-02       0.00000e+00         N/A          N/A            N/A
    8              -2.30930e-02       3.10375e-02       0.00000e+00         N/A          N/A            N/A
    9              -2.47687e-02       1.12781e-02       0.00000e+00         N/A          N/A            N/A
   10               0.00000e+00       0.00000e+00       0.00000e+00         N/A          N/A            N/A
   11               4.28782e-02       1.42407e-03       0.00000e+00         N/A          N/A            N/A
   12               0.00000e+00       0.00000e+00       0.00000e+00         N/A          N/A            N/A
   13               1.41839e-02       1.97288e-02       0.00000e+00         N/A          N/A            N/A
   14              -8.64647e-03       3.49448e-02       0.00000e+00         N/A          N/A            N/A
   15               2.48776e-02       1.36774e-02       0.00000e+00         N/A          N/A            N/A
   16              -1.15900e-03       9.13958e-02       0.00000e+00         N/A          N/A            N/A
   17              -1.35266e-03       5.44219e-02       0.00000e+00         N/A          N/A            N/A
   18              -3.24129e-02       5.57632e-02       0.00000e+00         N/A          N/A            N/A
   19              -8.31878e-02       9.27738e-02       0.00000e+00         N/A          N/A            N/A
   20              -4.17701e-02       9.24317e-02       0.00000e+00         N/A          N/A            N/A
   21              -6.40246e-02       5.59475e-02       0.00000e+00         N/A          N/A            N/A
   22               8.75920e-02       9.10096e-02       0.00000e+00         N/A          N/A            N/A
   23               6.75216e-02       4.53208e-02       0.00000e+00         N/A          N/A            N/A
   24               3.13856e-02       4.94066e-02       0.00000e+00         N/A          N/A            N/A
   25               4.12485e-02       9.10562e-02       0.00000e+00         N/A          N/A            N/A
   26              -1.19760e-04       1.96905e-01       0.00000e+00         N/A          N/A            N/A
   27              -5.34784e-04       1.40043e-01       0.00000e+00         N/A          N/A            N/A
   28              -5.05122e-02       1.40074e-01       0.00000e+00         N/A          N/A            N/A
   29              -1.18399e-01       1.96561e-01       0.00000e+00         N/A          N/A            N/A
   30              -5.86832e-02       1.96681e-01       0.00000e+00         N/A          N/A            N/A
   31              -1.01360e-01       1.40127e-01       0.00000e+00         N/A          N/A            N/A
   32               1.18733e-01       1.97292e-01       0.00000e+00         N/A          N/A            N/A
   33               1.03237e-01       1.40439e-01       0.00000e+00         N/A          N/A            N/A
   34               5.03811e-02       1.40211e-01       0.00000e+00         N/A          N/A            N/A
   35               5.86595e-02       1.97109e-01       0.00000e+00         N/A          N/A            N/A
   36               9.10322e-05       3.33521e-01       0.00000e+00         N/A          N/A            N/A
   37               8.40769e-06       2.61513e-01       0.00000e+00         N/A          N/A            N/A
   38              -6.62539e-02       2.61366e-01       0.00000e+00         N/A          N/A            N/A
   39              -1.48087e-01       3.32995e-01       0.00000e+00         N/A          N/A            N/A
   40              -7.32340e-02       3.33344e-01       0.00000e+00         N/A          N/A            N/A
   41              -1.33694e-01       2.61268e-01       0.00000e+00         N/A          N/A            N/A
   42               1.47684e-01       3.33521e-01       0.00000e+00         N/A          N/A            N/A
   43               1.33622e-01       2.61669e-01       0.00000e+00         N/A          N/A            N/A
   44               6.62659e-02       2.61622e-01       0.00000e+00         N/A          N/A            N/A
   45               7.32892e-02       3.33513e-01       0.00000e+00         N/A          N/A            N/A
   46              -3.84431e-04       4.96623e-01       0.00000e+00         N/A          N/A            N/A
   47              -4.93395e-05       4.12161e-01       0.00000e+00         N/A          N/A            N/A
   48              -7.95011e-02       4.12439e-01       0.00000e+00         N/A          N/A            N/A
   49              -1.74532e-01       4.90272e-01       0.00000e+00         N/A          N/A            N/A
   50              -8.48037e-02       4.97205e-01       0.00000e+00         N/A          N/A            N/A
   51              -1.85060e-01       5.73066e-01       0.00000e+00         N/A          N/A            N/A
   52               1.72419e-01       4.96814e-01       0.00000e+00         N/A          N/A            N/A
   53               1.60481e-01       4.12021e-01       0.00000e+00         N/A          N/A            N/A
   54               7.96760e-02       4.12051e-01       0.00000e+00         N/A          N/A            N/A
   55               8.55242e-02       4.96735e-01       0.00000e+00         N/A          N/A            N/A
   56              -1.50228e-04       6.82834e-01       0.00000e+00         N/A          N/A            N/A
   57              -1.34124e-04       5.87131e-01       0.00000e+00         N/A          N/A            N/A
   58              -9.03894e-02       5.87129e-01       0.00000e+00         N/A          N/A            N/A
   59              -1.93089e-01       6.83455e-01       0.00000e+00         N/A          N/A            N/A
   60              -9.56046e-02       6.83178e-01       0.00000e+00         N/A          N/A            N/A
   61              -1.84718e-01       5.86515e-01       0.00000e+00         N/A          N/A            N/A
   62               1.92809e-01       6.82863e-01       0.00000e+00         N/A          N/A            N/A
   63               1.83069e-01       5.87207e-01       0.00000e+00         N/A          N/A            N/A
   64               9.09156e-02       5.87206e-01       0.00000e+00         N/A          N/A            N/A
   65               9.57496e-02       6.82848e-01       0.00000e+00         N/A          N/A            N/A
   66              -2.50366e-05       8.86980e-01       0.00000e+00         N/A          N/A            N/A
   67              -7.84512e-05       7.83007e-01       0.00000e+00         N/A          N/A            N/A
   68              -9.99812e-02       7.83166e-01       0.00000e+00         N/A          N/A            N/A
   69              -2.08447e-01       8.86995e-01       0.00000e+00         N/A          N/A            N/A
   70              -1.03662e-01       8.87008e-01       0.00000e+00         N/A          N/A            N/A
   71              -2.01111e-01       7.83243e-01       0.00000e+00         N/A          N/A            N/A
   72               2.08526e-01       8.87008e-01       0.00000e+00         N/A          N/A            N/A
   73               2.01135e-01       7.82939e-01       0.00000e+00         N/A          N/A            N/A
   74               9.99784e-02       7.82965e-01       0.00000e+00         N/A          N/A            N/A
   75               1.03655e-01       8.86988e-01       0.00000e+00         N/A          N/A            N/A
   76              -2.93317e-06       1.10441e+00       0.00000e+00         N/A          N/A            N/A
   77              -1.32148e-05       9.94293e-01       0.00000e+00         N/A          N/A            N/A
   78              -1.06742e-01       9.94307e-01       0.00000e+00         N/A          N/A            N/A
   79              -2.19732e-01       1.10436e+00       0.00000e+00         N/A          N/A            N/A
   80              -1.09284e-01       1.10439e+00       0.00000e+00         N/A          N/A            N/A
   81              -2.14541e-01       9.94322e-01       0.00000e+00         N/A          N/A            N/A
   82               2.19740e-01       1.10445e+00       0.00000e+00         N/A          N/A            N/A
   83               2.14581e-01       9.94270e-01       0.00000e+00         N/A          N/A            N/A
   84               1.06739e-01       9.94283e-01       0.00000e+00         N/A          N/A            N/A
   85               1.09283e-01       1.10443e+00       0.00000e+00         N/A          N/A            N/A
   86               6.07447e-06       1.33086e+00       0.00000e+00         N/A          N/A            N/A
   87               3.41038e-06       1.21678e+00       0.00000e+00         N/A          N/A            N/A
   88              -1.11238e-01       1.21678e+00       0.00000e+00         N/A          N/A            N/A
   89              -2.26523e-01       1.33077e+00       0.00000e+00         N/A          N/A            N/A
   90              -1.12642e-01       1.33082e+00       0.00000e+00         N/A          N/A            N/A
   91              -2.23576e-01       1.21679e+00       0.00000e+00         N/A          N/A            N/A
   92               2.26515e-01       1.33084e+00       0.00000e+00         N/A          N/A            N/A
   93               2.23569e-01       1.21674e+00       0.00000e+00         N/A          N/A            N/A
   94               1.11239e-01       1.21676e+00       0.00000e+00         N/A          N/A            N/A
   95               1.12641e-01       1.33084e+00       0.00000e+00         N/A          N/A            N/A
   96              -1.39308e-05       1.56141e+00       0.00000e+00         N/A          N/A            N/A
   97              -3.10548e-05       1.44599e+00       0.00000e+00         N/A          N/A            N/A
   98              -1.13441e-01       1.44605e+00       0.00000e+00         N/A          N/A            N/A
   99              -2.28853e-01       1.56221e+00       0.00000e+00         N/A          N/A            N/A
  100              -1.13713e-01       1.56179e+00       0.00000e+00         N/A          N/A            N/A
  101              -2.28120e-01       1.44612e+00       0.00000e+00         N/A          N/A            N/A
  102               2.28919e-01       1.56236e+00       0.00000e+00         N/A          N/A            N/A
  103               2.28204e-01       1.44607e+00       0.00000e+00         N/A          N/A            N/A
  104               1.13435e-01       1.44603e+00       0.00000e+00         N/A          N/A            N/A
  105               1.13704e-01       1.56188e+00       0.00000e+00         N/A          N/A            N/A

 S T R E S S  C A L C U L A T I O N S  F O R  E L E M E N T  G R O U P    1

ELEMENT NUMBER          x-coord              y-coord           Sigma_xx             Sigma_yy             Sigma_xy
GAUSSPOINT NUMBER
       1-1           6.66667e-01           7.22222e-01      -1.30950e+02           2.42670e+02           1.12275e+02
       1-2           1.66667e-01           1.55556e+00      -3.73910e+02           1.33469e+02           4.03875e+00
       1-3           1.66667e-01           7.22222e-01       2.42667e+02           1.33469e+02          -1.96164e+02
       2-1           8.33333e-01           1.83333e+00      -3.12967e+02          -1.73792e+01           1.36457e+01
       2-2           3.33333e-01           1.83333e+00      -4.03768e+02          -1.17360e+01           5.72700e+01
       2-3           8.33333e-01           1.33333e+00      -8.35481e+01          -6.65497e+01           2.96763e+01
       3-1           6.66667e-01           1.66667e-01       3.73316e+02           4.05760e+02          -3.73344e+02
       3-2           1.66667e-01           6.66667e-01      -3.73500e+02           1.01440e+02           3.87456e+02
       3-3           1.66667e-01           1.66667e-01       8.31081e+01           1.01440e+02           2.35296e+02
       4-1           8.33333e-01           3.88889e-01      -8.25246e+00          -1.81830e+02           4.73746e+02
       4-2           3.33333e-01           3.88889e-01      -6.70932e+02           9.61981e+02           2.12063e+02
       4-3           8.33333e-01           2.22222e-01       9.02341e+02          -7.18109e+02          -1.97834e+02
       5-1           1.66667e+00           1.16667e+00      -6.27611e+01           5.31150e+01           1.46225e+01
       5-2           1.16667e+00           1.66667e+00      -2.53032e+02          -1.16647e+00          -1.63015e+01
       5-3           1.16667e+00           1.16667e+00      -4.34968e+01          -5.03370e+01          -5.48186e+01
       6-1           1.83333e+00           1.83333e+00      -3.18344e+02           3.47801e+00           2.47470e+00
       6-2           1.33333e+00           1.83333e+00      -3.15623e+02           3.22916e-01          -4.89998e+00
       6-3           1.83333e+00           1.33333e+00      -1.22222e+02           1.73544e+01           8.96394e+00
       7-1           1.66667e+00           1.66667e-01       2.95748e+02          -2.52713e+00           2.05088e+01
       7-2           1.16667e+00           6.66667e-01       2.45005e+01           3.39584e+02           8.40114e+00
       7-3           1.16667e+00           1.66667e-01       3.87208e+02           1.60824e+02           1.83942e+02
       8-1           1.83333e+00           8.33333e-01       6.51244e+01           3.89383e+01           2.90752e+01
       8-2           1.33333e+00           8.33333e-01       8.43887e+01           1.32452e+02          -4.84410e+01
       8-3           1.83333e+00           3.33333e-01       2.58510e+02           3.30809e+01           3.64729e+01
       9-1           2.66667e+00           1.16667e+00      -5.34444e+01          -3.75397e+00           2.19324e+01
       9-2           2.16667e+00           1.66667e+00      -2.36587e+02           2.45879e+00           1.53290e+01
       9-3           2.16667e+00           1.16667e+00      -4.92607e+01           1.63352e+01           3.34403e+01
      10-1           2.83333e+00           1.83333e+00      -2.77884e+02          -9.12052e-01           1.05331e+01
      10-2           2.33333e+00           1.83333e+00      -3.00540e+02           2.56255e+00           8.41149e+00
      10-3           2.83333e+00           1.33333e+00      -1.00525e+02          -2.97349e+00           2.37894e+01
      11-1           2.66667e+00           1.66667e-01       2.67007e+02          -7.36654e+00          -1.57940e+00
      11-2           2.16667e+00           6.66667e-01       1.39731e+02           3.98361e+00           2.59147e+01
      11-3           2.16667e+00           1.66667e-01       2.69974e+02          -1.87385e+00          -1.06982e+01
      12-1           2.83333e+00           8.33333e-01       6.00258e+01          -3.90939e+00           2.30113e+01
      12-2           2.33333e+00           8.33333e-01       6.42095e+01          -3.19487e+00           1.94898e+01
      12-3           2.83333e+00           3.33333e-01       2.17293e+02          -3.49216e+00           1.04262e+01
      13-1           3.66667e+00           1.16667e+00      -4.95211e+01          -2.79287e+00           2.16306e+01
      13-2           3.16667e+00           1.66667e+00      -2.02586e+02          -2.25091e+00           1.38687e+01
      13-3           3.16667e+00           1.16667e+00      -4.86102e+01          -4.31235e+00           2.46280e+01
      14-1           3.83333e+00           1.83333e+00      -2.35427e+02          -5.89204e+00           3.44741e+00
      14-2           3.33333e+00           1.83333e+00      -2.53482e+02          -8.61252e-01           7.37009e+00
      14-3           3.83333e+00           1.33333e+00      -8.71784e+01          -2.43100e+00           2.12373e+01
      15-1           3.66667e+00           1.66667e-01       2.35454e+02           1.29644e-02           6.51824e+00
      15-2           3.16667e+00           6.66667e-01       1.06335e+02          -3.10744e+00           1.88970e+01
      15-3           3.16667e+00           1.66667e-01       2.51978e+02          -2.69021e+00           4.60297e+00
      16-1           3.83333e+00           8.33333e-01       4.77716e+01          -5.70278e-01           2.51691e+01
      16-2           3.33333e+00           8.33333e-01       4.86824e+01          -2.88415e+00           2.05847e+01
      16-3           3.83333e+00           3.33333e-01       1.86584e+02          -8.66912e-01           1.20458e+01
      17-1           4.66667e+00           1.16667e+00      -4.68971e+01           9.14694e+00           2.40368e+01
      17-2           4.16667e+00           1.66667e+00      -1.65536e+02          -3.39000e+00           1.63519e+01
      17-3           4.16667e+00           1.16667e+00      -4.30027e+01           7.10493e-02           2.70885e+01
      18-1           5.27778e+00           1.83333e+00      -2.63377e+02          -1.23334e+02          -6.35879e+01
      18-2           4.77778e+00           1.83333e+00      -2.28893e+02           3.22595e-01          -4.97438e+00
      18-3           4.94444e+00           1.33333e+00      -5.32539e+01          -5.37967e+01          -1.99663e+01
      19-1           4.66667e+00           1.66667e-01       1.98877e+02           7.89637e-01           6.14753e+00
      19-2           4.16667e+00           6.66667e-01       8.78658e+01           3.48169e-01           1.96690e+01
      19-3           4.16667e+00           1.66667e-01       2.16074e+02           5.15350e-02           7.33361e+00
      20-1           4.83333e+00           8.33333e-01       3.38712e+01          -8.60236e-01           1.82308e+01
      20-2           4.33333e+00           8.33333e-01       3.77656e+01           3.58105e+00           2.18491e+01
      20-3           4.83333e+00           3.33333e-01       1.57537e+02          -2.04932e-01           1.05941e+01
      21-1           5.66667e+00           1.16667e+00      -3.83408e+01           2.11290e+01           3.32661e+01
      21-2           5.16667e+00           1.66667e+00      -1.49733e+02          -1.17507e+02          -1.92532e+01
      21-3           5.16667e+00           1.16667e+00      -3.30126e+01           3.28000e+01           3.96678e+01
      22-1           5.83333e+00           1.83333e+00      -1.40312e+02          -6.39339e-01          -1.12872e-01
      22-2           5.33333e+00           1.83333e+00      -1.76650e+02          -1.84536e+01           2.44622e+01
      22-3           5.83333e+00           1.33333e+00      -7.72139e+01           7.28597e-01           1.12765e+01
      23-1           5.66667e+00           1.66667e-01       1.62778e+02           6.06175e-01           7.34375e+00
      23-2           5.16667e+00           6.66667e-01       7.58031e+01          -1.60396e+00           1.79359e+01
      23-3           5.16667e+00           1.66667e-01       1.80982e+02          -9.48651e-01           7.30111e+00
      24-1           5.83333e+00           8.33333e-01       3.11236e+01          -7.00648e-01           2.45902e+01
      24-2           5.33333e+00           8.33333e-01       3.64518e+01          -1.90677e+00           2.11323e+01
      24-3           5.83333e+00           3.33333e-01       1.28125e+02          -6.95025e-01           1.23902e+01
      25-1           6.66667e+00           1.16667e+00      -2.85264e+01           2.17421e+00           2.23089e+01
      25-2           6.16667e+00           1.66667e+00      -1.17127e+02           4.51762e+00           6.64039e+00
      25-3           6.16667e+00           1.16667e+00      -2.81592e+01           5.88556e+00           2.87926e+01
      26-1           6.83333e+00           1.83333e+00      -1.20073e+02           1.96857e-01           6.84016e+00
      26-2           6.33333e+00           1.83333e+00      -1.33785e+02           2.00117e+00           3.76541e+00
      26-3           6.83333e+00           1.33333e+00      -4.69504e+01           1.02269e+00           1.92333e+01
      27-1           6.66667e+00           1.66667e-01       1.23614e+02           7.98477e-01           7.00720e+00
      27-2           6.16667e+00           6.66667e-01       6.03784e+01          -2.43371e-02           2.00631e+01
      27-3           6.16667e+00           1.66667e-01       1.42330e+02          -1.87145e-02           8.05749e+00
      28-1           6.83333e+00           8.33333e-01       2.51588e+01           2.12735e-01           2.34970e+01
      28-2           6.33333e+00           8.33333e-01       2.55261e+01           1.19618e+00           2.17245e+01
      28-3           6.83333e+00           3.33333e-01       9.76141e+01          -3.11794e-02           1.20700e+01
      29-1           7.66667e+00           1.16667e+00      -2.04011e+01           3.29816e-01           2.07714e+01
      29-2           7.16667e+00           1.66667e+00      -8.22058e+01          -2.20982e-01           1.20188e+01
      29-3           7.16667e+00           1.16667e+00      -2.03703e+01           6.04851e-01           2.36473e+01
      30-1           7.83333e+00           1.83333e+00      -8.31404e+01          -2.89344e-01           7.42694e+00
      30-2           7.33333e+00           1.83333e+00      -1.01214e+02           5.75984e-01           6.81603e+00
      30-3           7.83333e+00           1.33333e+00      -3.01775e+01          -1.81850e-01           1.95303e+01
      31-1           7.66667e+00           1.66667e-01       8.63584e+01           4.31889e-01           6.75164e+00
      31-2           7.16667e+00           6.66667e-01       4.48704e+01           2.16622e-02           1.95064e+01
      31-3           7.16667e+00           1.66667e-01       1.04283e+02          -2.22252e-01           7.26063e+00
      32-1           7.83333e+00           8.33333e-01       1.70947e+01          -1.45946e-01           2.34659e+01
      32-2           7.33333e+00           8.33333e-01       1.71255e+01           4.03899e-01           2.07654e+01
      32-3           7.83333e+00           3.33333e-01       6.77774e+01          -2.92711e-01           1.20392e+01
      33-1           8.66667e+00           1.16667e+00      -1.30050e+01           2.46532e-01           2.10320e+01
      33-2           8.16667e+00           1.66667e+00      -5.21430e+01          -3.71707e-01           1.21124e+01
      33-3           8.16667e+00           1.16667e+00      -1.29314e+01          -2.64213e-01           2.35277e+01
      34-1           8.83333e+00           1.83333e+00      -4.56723e+01          -7.07606e-01           6.92522e+00
      34-2           8.33333e+00           1.83333e+00      -6.36011e+01           3.98586e-01           6.76589e+00
      34-3           8.83333e+00           1.33333e+00      -1.48134e+01          -4.08743e-01           1.97976e+01
      35-1           8.66667e+00           1.66667e-01       4.93791e+01           6.19017e-01           6.56830e+00
      35-2           8.16667e+00           6.66667e-01       2.95606e+01          -9.21659e-02           1.94140e+01
      35-3           8.16667e+00           1.66667e-01       6.70359e+01          -2.38931e-01           7.28329e+00
      36-1           8.83333e+00           8.33333e-01       9.37333e+00           4.36423e-01           2.40292e+01
      36-2           8.33333e+00           8.33333e-01       9.44692e+00           4.08976e-01           2.09176e+01
      36-3           8.83333e+00           3.33333e-01       3.73703e+01           1.25450e-01           1.16270e+01
      37-1           9.66667e+00           1.16667e+00      -4.91167e+00           1.83149e+00           1.94980e+01
      37-2           9.16667e+00           1.66667e+00      -2.12167e+01          -3.49380e-01           1.27597e+01
      37-3           9.16667e+00           1.16667e+00      -5.99674e+00          -5.05173e-02           2.41379e+01
      38-1           9.83333e+00           1.83333e+00      -8.71835e+00           6.28165e+00           8.71835e+00
      38-2           9.33333e+00           1.83333e+00      -2.59874e+01          -7.49052e-01           5.86824e+00
      38-3           9.83333e+00           1.33333e+00       5.03255e-01           5.26488e+00           1.96159e+01
      39-1           9.66667e+00           1.66667e-01       1.15818e+01          -1.12175e+00           8.26358e+00
      39-2           9.16667e+00           6.66667e-01       1.31481e+01           5.37409e-02           1.86563e+01
      39-3           9.16667e+00           1.66667e-01       3.10521e+01          -2.57232e-01           6.70008e+00
      40-1           9.83333e+00           8.33333e-01       2.20011e+00          -6.56060e+00           2.23275e+01
      40-2           9.33333e+00           8.33333e-01       1.11504e+00           1.91696e+00           2.18726e+01
      40-3           9.83333e+00           3.33333e-01       7.23046e+00          -6.73642e+00           1.15818e+01


 S O L U T I O N   T I M E   L O G   I N   S E C 

     TIME FOR INPUT PHASE = 5.61000e-01
     TIME FOR CALCULATION OF STIFFNESS MATRIX = 6.00000e-03
     TIME FOR FACTORIZATION AND LOAD CASE SOLUTIONS = 5.99000e-01

     T O T A L   S O L U T I O N   T I M E = 1.16600e+00

