TITLE : STAP90 input data for 10 T6 elements
        (19:35:3 on June 12, 2025, Thursday)

C O N T R O L   I N F O R M A T I O N

      NUMBER OF NODAL POINTS . . . . . . . . . . (NUMNP)  =    33
      NUMBER OF ELEMENT GROUPS . . . . . . . . . (NUMEG)  =     1
      NUMBER OF LOAD CASES . . . . . . . . . . . (NLCASE) =     1
      SOLUTION MODE  . . . . . . . . . . . . . . (MODEX)  =     1
         EQ.0, DATA CHECK
         EQ.1, EXECUTION

 N O D A L   P O I N T   D A T A

    NODE       BOUNDARY                         NODAL POINT
   NUMBER  CONDITION  CODES                     COORDINATES
        1    1    1    1       0.00000e+00    2.00000e+00    0.00000e+00
        2    1    1    1       0.00000e+00    0.00000e+00    0.00000e+00
        3    0    0    1       2.00000e+00    0.00000e+00    0.00000e+00
        4    1    1    1       0.00000e+00    1.00000e+00    0.00000e+00
        5    0    0    1       1.00000e+00    0.00000e+00    0.00000e+00
        6    0    0    1       1.00000e+00    1.00000e+00    0.00000e+00
        7    0    0    1       2.00000e+00    2.00000e+00    0.00000e+00
        8    0    0    1       2.00000e+00    1.00000e+00    0.00000e+00
        9    0    0    1       1.00000e+00    2.00000e+00    0.00000e+00
       10    0    0    1       4.00000e+00    0.00000e+00    0.00000e+00
       11    0    0    1       3.00000e+00    0.00000e+00    0.00000e+00
       12    0    0    1       3.00000e+00    1.00000e+00    0.00000e+00
       13    0    0    1       4.00000e+00    2.00000e+00    0.00000e+00
       14    0    0    1       4.00000e+00    1.00000e+00    0.00000e+00
       15    0    0    1       3.00000e+00    2.00000e+00    0.00000e+00
       16    0    0    1       6.00000e+00    0.00000e+00    0.00000e+00
       17    0    0    1       5.00000e+00    0.00000e+00    0.00000e+00
       18    0    0    1       5.00000e+00    1.00000e+00    0.00000e+00
       19    0    0    1       6.00000e+00    2.00000e+00    0.00000e+00
       20    0    0    1       6.00000e+00    1.00000e+00    0.00000e+00
       21    0    0    1       5.00000e+00    2.00000e+00    0.00000e+00
       22    0    0    1       8.00000e+00    0.00000e+00    0.00000e+00
       23    0    0    1       7.00000e+00    0.00000e+00    0.00000e+00
       24    0    0    1       7.00000e+00    1.00000e+00    0.00000e+00
       25    0    0    1       8.00000e+00    2.00000e+00    0.00000e+00
       26    0    0    1       8.00000e+00    1.00000e+00    0.00000e+00
       27    0    0    1       7.00000e+00    2.00000e+00    0.00000e+00
       28    0    0    1       1.00000e+01    0.00000e+00    0.00000e+00
       29    0    0    1       9.00000e+00    0.00000e+00    0.00000e+00
       30    0    0    1       9.00000e+00    1.00000e+00    0.00000e+00
       31    0    0    1       1.00000e+01    2.00000e+00    0.00000e+00
       32    0    0    1       1.00000e+01    1.00000e+00    0.00000e+00
       33    0    0    1       9.00000e+00    2.00000e+00    0.00000e+00

 EQUATION NUMBERS

   NODE NUMBER   DEGREES 	OF 	FREEDOM
        N           X    Y    Z    x    y    z
        1           0    0    0  N/A  N/A  N/A
        2           0    0    0  N/A  N/A  N/A
        3           1    2    0  N/A  N/A  N/A
        4           0    0    0  N/A  N/A  N/A
        5           3    4    0  N/A  N/A  N/A
        6           5    6    0  N/A  N/A  N/A
        7           7    8    0  N/A  N/A  N/A
        8           9   10    0  N/A  N/A  N/A
        9          11   12    0  N/A  N/A  N/A
       10          13   14    0  N/A  N/A  N/A
       11          15   16    0  N/A  N/A  N/A
       12          17   18    0  N/A  N/A  N/A
       13          19   20    0  N/A  N/A  N/A
       14          21   22    0  N/A  N/A  N/A
       15          23   24    0  N/A  N/A  N/A
       16          25   26    0  N/A  N/A  N/A
       17          27   28    0  N/A  N/A  N/A
       18          29   30    0  N/A  N/A  N/A
       19          31   32    0  N/A  N/A  N/A
       20          33   34    0  N/A  N/A  N/A
       21          35   36    0  N/A  N/A  N/A
       22          37   38    0  N/A  N/A  N/A
       23          39   40    0  N/A  N/A  N/A
       24          41   42    0  N/A  N/A  N/A
       25          43   44    0  N/A  N/A  N/A
       26          45   46    0  N/A  N/A  N/A
       27          47   48    0  N/A  N/A  N/A
       28          49   50    0  N/A  N/A  N/A
       29          51   52    0  N/A  N/A  N/A
       30          53   54    0  N/A  N/A  N/A
       31          55   56    0  N/A  N/A  N/A
       32          57   58    0  N/A  N/A  N/A
       33          59   60    0  N/A  N/A  N/A

 L O A D   C A S E   D A T A

     LOAD CASE NUMBER . . . . . . . =     1
     NUMBER OF CONCENTRATED LOADS . =     3

    NODE       DIRECTION      LOAD
   NUMBER                   MAGNITUDE
     28            2        5.00000e+00
     31            2        5.00000e+00
     32            2        2.00000e+01

 E L E M E N T   G R O U P   D A T A


 E L E M E N T   D E F I N I T I O N

 ELEMENT TYPE  . . . . . . . . . . . . .( NPAR(1) ) . . =   12
     EQ.1, TRUSS ELEMENTS
     EQ.2, CST
     EQ.3, Q4
     EQ.4, Q8
     EQ.7, H8
     EQ.11, Tet4
     EQ.12, T6

 NUMBER OF ELEMENTS. . . . . . . . . . .( NPAR(2) ) . . =   10

 M A T E R I A L   D E F I N I T I O N

 NUMBER OF DIFFERENT SETS OF MATERIAL    1

  SET       YOUNG'S        POISSON'S        THICK        PLANE-
 NUMBER     MODULUS          RATIO          -NESS        STRAIN
               E              nu              t           FLAG
    1     1.00000e+04     0.00000e+00     1.00000e+00       0


 E L E M E N T   I N F O R M A T I O N
 ELEMENT     NODE       NODE     	NODE      NODE      NODE       NODE        MATERIAL
 NUMBER-N      I          J         K         L         M          N          SET NUMBER
    1          1          2          3          4          5          6           1
    2          1          3          7          6          8          9           1
    3          7          3         10          8         11         12           1
    4          7         10         13         12         14         15           1
    5         13         10         16         14         17         18           1
    6         13         16         19         18         20         21           1
    7         19         16         22         20         23         24           1
    8         19         22         25         24         26         27           1
    9         25         22         28         26         29         30           1
   10         25         28         31         30         32         33           1

	TOTAL SYSTEM DATA

     NUMBER OF EQUATIONS . . . . . . . . . . . . . .(NEQ) = 60
     NUMBER OF MATRIX ELEMENTS . . . . . . . . . . .(NWK) = 822
     MAXIMUM HALF BANDWIDTH  . . . . . . . . . . . .(MK ) = 18
     MEAN HALF BANDWIDTH . . . . . . . . . . . . . .(MM ) = 13


 D I S P L A C E M E N T S

  NODE            X-DISPLACEMENT    Y-DISPLACEMENT    Z-DISPLACEMENT    X-ROTATION    Y-ROTATION    Z-ROTATION
    1               0.00000e+00       0.00000e+00       0.00000e+00         N/A          N/A            N/A
    2               0.00000e+00       0.00000e+00       0.00000e+00         N/A          N/A            N/A
    3               8.10118e-02       8.90925e-02       0.00000e+00         N/A          N/A            N/A
    4               0.00000e+00       0.00000e+00       0.00000e+00         N/A          N/A            N/A
    5               4.18772e-02       2.39703e-02       0.00000e+00         N/A          N/A            N/A
    6              -1.94386e-05       2.41565e-02       0.00000e+00         N/A          N/A            N/A
    7              -8.09882e-02       8.85200e-02       0.00000e+00         N/A          N/A            N/A
    8              -5.91083e-06       8.88066e-02       0.00000e+00         N/A          N/A            N/A
    9              -4.18325e-02       2.43295e-02       0.00000e+00         N/A          N/A            N/A
   10               1.44000e-01       3.21915e-01       0.00000e+00         N/A          N/A            N/A
   11               1.13877e-01       1.89340e-01       0.00000e+00         N/A          N/A            N/A
   12               9.35726e-08       1.89472e-01       0.00000e+00         N/A          N/A            N/A
   13              -1.44000e-01       3.21364e-01       0.00000e+00         N/A          N/A            N/A
   14               1.88828e-07       3.21639e-01       0.00000e+00         N/A          N/A            N/A
   15              -1.13872e-01       1.89607e-01       0.00000e+00         N/A          N/A            N/A
   16               1.89000e-01       6.62746e-01       0.00000e+00         N/A          N/A            N/A
   17               1.67874e-01       4.80668e-01       0.00000e+00         N/A          N/A            N/A
   18               5.97852e-08       4.80805e-01       0.00000e+00         N/A          N/A            N/A
   19              -1.89000e-01       6.62197e-01       0.00000e+00         N/A          N/A            N/A
   20               1.91410e-07       6.62471e-01       0.00000e+00         N/A          N/A            N/A
   21              -1.67874e-01       4.80943e-01       0.00000e+00         N/A          N/A            N/A
   22               2.16006e-01       1.07557e+00       0.00000e+00         N/A          N/A            N/A
   23               2.03874e-01       8.61998e-01       0.00000e+00         N/A          N/A            N/A
   24               3.28186e-07       8.62137e-01       0.00000e+00         N/A          N/A            N/A
   25              -2.15994e-01       1.07504e+00       0.00000e+00         N/A          N/A            N/A
   26              -2.98364e-06       1.07530e+00       0.00000e+00         N/A          N/A            N/A
   27              -2.03872e-01       8.62278e-01       0.00000e+00         N/A          N/A            N/A
   28               2.25092e-01       1.52453e+00       0.00000e+00         N/A          N/A            N/A
   29               2.21921e-01       1.29735e+00       0.00000e+00         N/A          N/A            N/A
   30              -1.40812e-05       1.29747e+00       0.00000e+00         N/A          N/A            N/A
   31              -2.24908e-01       1.52387e+00       0.00000e+00         N/A          N/A            N/A
   32              -4.62037e-05       1.52412e+00       0.00000e+00         N/A          N/A            N/A
   33              -2.21844e-01       1.29763e+00       0.00000e+00         N/A          N/A            N/A

 S T R E S S  C A L C U L A T I O N S  F O R  E L E M E N T  G R O U P    1

ELEMENT NUMBER          x-coord              y-coord           Sigma_xx             Sigma_yy             Sigma_xy
GAUSSPOINT NUMBER
       1-1           1.33333e+00           3.33333e-01       2.56261e+02           2.48269e+00           1.23169e+01
       1-2           3.33333e-01           1.33333e+00      -1.35279e+02           6.20671e-01           1.69719e+01
       1-3           3.33333e-01           3.33333e-01       2.83688e+02           6.20671e-01           1.60409e+01
       2-1           1.66667e+00           1.66667e+00      -2.56532e+02          -1.33508e+00           1.53363e+01
       2-2           6.66667e-01           1.66667e+00      -2.83299e+02           3.26023e+00           1.18773e+01
       2-3           1.66667e+00           6.66667e-01       1.35161e+02          -1.32874e+00           1.74567e+01
       3-1           3.33333e+00           3.33333e-01       1.96263e+02           2.72419e+00           1.24534e+01
       3-2           2.33333e+00           1.33333e+00      -1.04900e+02          -1.46909e+00           1.73792e+01
       3-3           2.33333e+00           3.33333e-01       2.23696e+02          -1.46275e+00           1.51084e+01
       4-1           3.66667e+00           1.66667e+00      -1.96264e+02          -1.38128e+00           1.52352e+01
       4-2           2.66667e+00           1.66667e+00      -2.23816e+02           2.72044e+00           1.25322e+01
       4-3           3.66667e+00           6.66667e-01       1.05022e+02          -1.39146e+00           1.72917e+01
       5-1           5.33333e+00           3.33333e-01       1.36257e+02           2.74904e+00           1.24833e+01
       5-2           4.33333e+00           1.33333e+00      -7.50017e+01          -1.37413e+00           1.72902e+01
       5-3           4.33333e+00           3.33333e-01       1.63742e+02          -1.38431e+00           1.52292e+01
       6-1           5.66667e+00           1.66667e+00      -1.36260e+02          -1.37082e+00           1.52266e+01
       6-2           4.66667e+00           1.66667e+00      -1.63739e+02           2.74665e+00           1.24798e+01
       6-3           5.66667e+00           6.66667e-01       7.50018e+01          -1.37543e+00           1.72910e+01
       7-1           7.33333e+00           3.33333e-01       7.63049e+01           2.77085e+00           1.24450e+01
       7-2           6.33333e+00           1.33333e+00      -4.50088e+01          -1.36477e+00           1.72925e+01
       7-3           6.33333e+00           3.33333e-01       1.03738e+02          -1.36938e+00           1.52281e+01
       8-1           7.66667e+00           1.66667e+00      -7.62386e+01          -1.24380e+00           1.53161e+01
       8-2           6.66667e+00           1.66667e+00      -1.03741e+02           2.75773e+00           1.24910e+01
       8-3           7.66667e+00           6.66667e-01       4.49453e+01          -1.31162e+00           1.72274e+01
       9-1           9.33333e+00           3.33333e-01       1.65312e+01           2.60516e+00           1.25100e+01
       9-2           8.33333e+00           1.33333e+00      -1.52920e+01          -1.28195e+00           1.71733e+01
       9-3           8.33333e+00           3.33333e-01       4.39711e+01          -1.34976e+00           1.51064e+01
      10-1           9.66667e+00           1.66667e+00      -1.58887e+01          -8.88710e-01           1.58887e+01
      10-2           8.66667e+00           1.66667e+00      -4.37492e+01           3.16841e+00           1.27904e+01
      10-3           9.66667e+00           6.66667e-01       1.44276e+01          -2.48995e+00           1.65312e+01


 S O L U T I O N   T I M E   L O G   I N   S E C 

     TIME FOR INPUT PHASE = 1.78000e-01
     TIME FOR CALCULATION OF STIFFNESS MATRIX = 3.00000e-03
     TIME FOR FACTORIZATION AND LOAD CASE SOLUTIONS = 1.86000e-01

     T O T A L   S O L U T I O N   T I M E = 3.67000e-01

