TITLE : STAP90 input data for example 4.1 with 2 CST elements
        (15:30:49 on May 11, 2025, Sunday)

C O N T R O L   I N F O R M A T I O N

      NUMBER OF NODAL POINTS . . . . . . . . . . (NUMNP)  =     4
      NUMBER OF ELEMENT GROUPS . . . . . . . . . (NUMEG)  =     1
      NUMBER OF LOAD CASES . . . . . . . . . . . (NLCASE) =     1
      SOLUTION MODE  . . . . . . . . . . . . . . (MODEX)  =     1
         EQ.0, DATA CHECK
         EQ.1, EXECUTION

 N O D A L   P O I N T   D A T A

    NODE       BOUNDARY                         NODAL POINT
   NUMBER  CONDITION  CODES                     COORDINATES
        1    1    1    1       0.00000e+00    0.00000e+00    0.00000e+00
        2    1    1    1       0.00000e+00    1.00000e+00    0.00000e+00
        3    0    0    1       2.00000e+00    5.00000e-01    0.00000e+00
        4    0    0    1       2.00000e+00    1.00000e+00    0.00000e+00

 EQUATION NUMBERS

   NODE NUMBER   DEGREES OF FREEDOM
        N           X    Y    Z
        1           0    0
        2           0    0
        3           1    2
        4           3    4

 L O A D   C A S E   D A T A

     LOAD CASE NUMBER . . . . . . . =     1
     NUMBER OF CONCENTRATED LOADS . =     2

    NODE       DIRECTION      LOAD
   NUMBER                   MAGNITUDE
      2            2       -2.00000e+01
      4            2       -2.00000e+01

 E L E M E N T   G R O U P   D A T A


 E L E M E N T   D E F I N I T I O N

 ELEMENT TYPE  . . . . . . . . . . . . .( NPAR(1) ) . . =    2
     EQ.1, TRUSS ELEMENTS
     EQ.2, ELEMENTS CURRENTLY
     EQ.3, NOT AVAILABLE

 NUMBER OF ELEMENTS. . . . . . . . . . .( NPAR(2) ) . . =    2

 M A T E R I A L   D E F I N I T I O N

 NUMBER OF DIFFERENT SETS OF MATERIAL
 AND CROSS-SECTIONAL  CONSTANTS  . . . .( NPAR(3) ) . . =    1

  SET       YOUNG'S        POISSON'S        THICK        PLANE-
 NUMBER     MODULUS          RATIO          -NESS        STRAIN
               E              nu              t           FLAG
    1     3.00000e+07     3.00000e-01     1.00000e+00       0


 E L E M E N T   I N F O R M A T I O N
 ELEMENT     NODE       NODE     NODE       MATERIAL
 NUMBER-N      I          J        K       SET NUMBER
    1          1          3        2           1
    2          2          3        4           1

	TOTAL SYSTEM DATA

     NUMBER OF EQUATIONS . . . . . . . . . . . . . .(NEQ) = 4
     NUMBER OF MATRIX ELEMENTS . . . . . . . . . . .(NWK) = 10
     MAXIMUM HALF BANDWIDTH  . . . . . . . . . . . .(MK ) = 4
     MEAN HALF BANDWIDTH . . . . . . . . . . . . . .(MM ) = 2


 D I S P L A C E M E N T S

  NODE            X-DISPLACEMENT    Y-DISPLACEMENT    Z-DISPLACEMENT
    1               0.00000e+00       0.00000e+00
    2               0.00000e+00       0.00000e+00
    3              -3.87101e-07      -6.65683e-06
    4               1.23482e-06      -7.04068e-06

 S T R E S S  C A L C U L A T I O N S  F O R  E L E M E N T  G R O U P    1

  ELEMENT        Sigma_xx          sigma_yy              Sigma_xy
  NUMBER
    1          -6.38078e+00      -1.91423e+00          -3.84048e+01
    2           1.27616e+01      -1.92024e+01          -3.19039e+00


 S O L U T I O N   T I M E   L O G   I N   S E C 

     TIME FOR INPUT PHASE = 3.20000e-02
     TIME FOR CALCULATION OF STIFFNESS MATRIX = 3.00000e-03
     TIME FOR FACTORIZATION AND LOAD CASE SOLUTIONS = 1.90000e-02

     T O T A L   S O L U T I O N   T I M E = 5.40000e-02

