TITLE : STAP90 input data for exercise 2.5
        (15:30:24 on May 30, 2025, Friday)

C O N T R O L   I N F O R M A T I O N

      NUMBER OF NODAL POINTS . . . . . . . . . . (NUMNP)  =     4
      NUMBER OF ELEMENT GROUPS . . . . . . . . . (NUMEG)  =     1
      NUMBER OF LOAD CASES . . . . . . . . . . . (NLCASE) =     1
      SOLUTION MODE  . . . . . . . . . . . . . . (MODEX)  =     1
         EQ.0, DATA CHECK
         EQ.1, EXECUTION

 N O D A L   P O I N T   D A T A

    NODE       BOUNDARY                         NODAL POINT
   NUMBER  CONDITION  CODES                     COORDINATES
        1    1    1    1      -1.00000e+00    1.00000e+00    0.00000e+00
        2    1    1    1       0.00000e+00    1.00000e+00    0.00000e+00
        3    0    1    1       1.00000e+00    1.00000e+00    0.00000e+00
        4    0    0    1       0.00000e+00    0.00000e+00    0.00000e+00

 EQUATION NUMBERS

   NODE NUMBER   DEGREES 	OF 	FREEDOM
        N           X    Y    Z    x    y    z
        1           0    0    0  N/A  N/A  N/A
        2           0    0    0  N/A  N/A  N/A
        3           1    0    0  N/A  N/A  N/A
        4           2    3    0  N/A  N/A  N/A

 L O A D   C A S E   D A T A

     LOAD CASE NUMBER . . . . . . . =     1
     NUMBER OF CONCENTRATED LOADS . =     1

    NODE       DIRECTION      LOAD
   NUMBER                   MAGNITUDE
      4            1        1.00000e+03

 E L E M E N T   G R O U P   D A T A


 E L E M E N T   D E F I N I T I O N

 ELEMENT TYPE  . . . . . . . . . . . . .( NPAR(1) ) . . =    1
     EQ.1, TRUSS ELEMENTS
     EQ.2, ELEMENTS CURRENTLY
     EQ.3, NOT AVAILABLE
     EQ.4, Q8
     EQ.7, H8

 NUMBER OF ELEMENTS. . . . . . . . . . .( NPAR(2) ) . . =    3

 M A T E R I A L   D E F I N I T I O N

 NUMBER OF DIFFERENT SETS OF MATERIAL
 AND CROSS-SECTIONAL  CONSTANTS  . . . .( NPAR(3) ) . . =    2

  SET       YOUNG'S     CROSS-SECTIONAL
 NUMBER     MODULUS          AREA
               E              A
    1     1.00000e+11     1.00000e-02
    2     1.00000e+11     2.00000e-02


 E L E M E N T   I N F O R M A T I O N
 ELEMENT     NODE     NODE       MATERIAL
 NUMBER-N      I        J       SET NUMBER
    1          1        4           1
    2          2        4           2
    3          3        4           1

	TOTAL SYSTEM DATA

     NUMBER OF EQUATIONS . . . . . . . . . . . . . .(NEQ) = 3
     NUMBER OF MATRIX ELEMENTS . . . . . . . . . . .(NWK) = 6
     MAXIMUM HALF BANDWIDTH  . . . . . . . . . . . .(MK ) = 3
     MEAN HALF BANDWIDTH . . . . . . . . . . . . . .(MM ) = 2


 D I S P L A C E M E N T S

  NODE            X-DISPLACEMENT    Y-DISPLACEMENT    Z-DISPLACEMENT    X-ROTATION    Y-ROTATION    Z-ROTATION
    1               0.00000e+00       0.00000e+00       0.00000e+00         N/A          N/A            N/A
    2               0.00000e+00       0.00000e+00       0.00000e+00         N/A          N/A            N/A
    3               3.82843e-06       0.00000e+00       0.00000e+00         N/A          N/A            N/A
    4               3.32843e-06       5.00000e-07       0.00000e+00         N/A          N/A            N/A

 S T R E S S  C A L C U L A T I O N S  F O R  E L E M E N T  G R O U P    1

  ELEMENT             FORCE            STRESS
  NUMBER
    1           1.41421e+03       1.41421e+05
    2          -1.00000e+03      -5.00000e+04
    3           0.00000e+00       0.00000e+00


 S O L U T I O N   T I M E   L O G   I N   S E C 

     TIME FOR INPUT PHASE = 5.20000e-02
     TIME FOR CALCULATION OF STIFFNESS MATRIX = 1.00000e-03
     TIME FOR FACTORIZATION AND LOAD CASE SOLUTIONS = 2.20000e-02

     T O T A L   S O L U T I O N   T I M E = 7.50000e-02

