TITLE : STAP90 input data for exercise 16 9 Mechanics of Materials by Y. Yin
        (21:35:32 on May 10, 2025, Saturday)

C O N T R O L   I N F O R M A T I O N

      NUMBER OF NODAL POINTS . . . . . . . . . . (NUMNP)  =     4
      NUMBER OF ELEMENT GROUPS . . . . . . . . . (NUMEG)  =     1
      NUMBER OF LOAD CASES . . . . . . . . . . . (NLCASE) =     1
      SOLUTION MODE  . . . . . . . . . . . . . . (MODEX)  =     1
         EQ.0, DATA CHECK
         EQ.1, EXECUTION

 N O D A L   P O I N T   D A T A

    NODE       BOUNDARY                         NODAL POINT
   NUMBER  CONDITION  CODES                     COORDINATES
        1    1    1    1       0.00000e+00    0.00000e+00    0.00000e+00
        2    1    1    1       0.00000e+00    7.32051e+00    0.00000e+00
        3    1    1    1       0.00000e+00    1.00000e+01    0.00000e+00
        4    0    0    1       8.66025e+00    5.00000e+00    0.00000e+00

 EQUATION NUMBERS

   NODE NUMBER   DEGREES OF FREEDOM
        N           X    Y    Z
        1           0    0    0
        2           0    0    0
        3           0    0    0
        4           1    2    0

 L O A D   C A S E   D A T A

     LOAD CASE NUMBER . . . . . . . =     1
     NUMBER OF CONCENTRATED LOADS . =     1

    NODE       DIRECTION      LOAD
   NUMBER                   MAGNITUDE
      4            1        1.00000e+04

 E L E M E N T   G R O U P   D A T A


 E L E M E N T   D E F I N I T I O N

 ELEMENT TYPE  . . . . . . . . . . . . .( NPAR(1) ) . . =    1
     EQ.1, TRUSS ELEMENTS
     EQ.2, ELEMENTS CURRENTLY
     EQ.3, NOT AVAILABLE

 NUMBER OF ELEMENTS. . . . . . . . . . .( NPAR(2) ) . . =    3

 M A T E R I A L   D E F I N I T I O N

 NUMBER OF DIFFERENT SETS OF MATERIAL
 AND CROSS-SECTIONAL  CONSTANTS  . . . .( NPAR(3) ) . . =    1

  SET       YOUNG'S     CROSS-SECTIONAL
 NUMBER     MODULUS          AREA
               E              A
    1     2.00000e+11     1.00000e-04


 E L E M E N T   I N F O R M A T I O N
 ELEMENT     NODE     NODE       MATERIAL
 NUMBER-N      I        J       SET NUMBER
    1          1        4           1
    2          2        4           1
    3          3        4           1

	TOTAL SYSTEM DATA

     NUMBER OF EQUATIONS . . . . . . . . . . . . . .(NEQ) = 2
     NUMBER OF MATRIX ELEMENTS . . . . . . . . . . .(NWK) = 3
     MAXIMUM HALF BANDWIDTH  . . . . . . . . . . . .(MK ) = 2
     MEAN HALF BANDWIDTH . . . . . . . . . . . . . .(MM ) = 1


 LOAD CASE    1


 D I S P L A C E M E N T S

  NODE           X-DISPLACEMENT    Y-DISPLACEMENT    Z-DISPLACEMENT
    1               0.00000e+00       0.00000e+00       0.00000e+00
    2               0.00000e+00       0.00000e+00       0.00000e+00
    3               0.00000e+00       0.00000e+00       0.00000e+00
    4               2.07870e-03       1.00854e-03       0.00000e+00

 S T R E S S  C A L C U L A T I O N S  F O R  E L E M E N T  G R O U P    1

  ELEMENT             FORCE            STRESS
  NUMBER
    1           4.60894e+03       4.60894e+07
    2           3.89669e+03       3.89669e+07
    3           2.59187e+03       2.59187e+07


 S O L U T I O N   T I M E   L O G   I N   S E C 

     TIME FOR INPUT PHASE = 5.50000e-02
     TIME FOR CALCULATION OF STIFFNESS MATRIX = 2.00000e-03
     TIME FOR FACTORIZATION AND LOAD CASE SOLUTIONS = 4.20000e-02

     T O T A L   S O L U T I O N   T I M E = 9.90000e-02

