TITLE : Cables to test STAP++
        (18:30:25 on March 6, 2025, Thursday)

C O N T R O L   I N F O R M A T I O N

      NUMBER OF NODAL POINTS . . . . . . . . . . (NUMNP)  =     6
      NUMBER OF ELEMENT GROUPS . . . . . . . . . (NUMEG)  =     1
      NUMBER OF LOAD CASES . . . . . . . . . . . (NLCASE) =     1
      SOLUTION MODE  . . . . . . . . . . . . . . (MODEX)  =     1
         EQ.0, DATA CHECK
         EQ.1, EXECUTION

 N O D A L   P O I N T   D A T A

    NODE       BOUNDARY                         NODAL POINT
   NUMBER  CONDITION  CODES                     COORDINATES
        1    1    1    1       0.00000e+00    0.00000e+00    0.00000e+00
        2    0    0    1       2.00000e+01    0.00000e+00    0.00000e+00
        3    0    1    1       4.00000e+01    0.00000e+00    0.00000e+00
        4    0    0    1       0.00000e+00    1.00000e+01    0.00000e+00
        5    0    0    1       2.00000e+01    1.00000e+01    0.00000e+00
        6    0    0    1       4.00000e+01    1.00000e+01    0.00000e+00

 EQUATION NUMBERS

   NODE NUMBER   DEGREES OF FREEDOM
        N           X    Y    Z
        1           0    0    0
        2           1    2    0
        3           3    0    0
        4           4    5    0
        5           6    7    0
        6           8    9    0

 L O A D   C A S E   D A T A

     LOAD CASE NUMBER . . . . . . . =     1
     NUMBER OF CONCENTRATED LOADS . =     1

    NODE       DIRECTION      LOAD
   NUMBER                   MAGNITUDE
      5            2       -1.00000e+00

 E L E M E N T   G R O U P   D A T A


 E L E M E N T   D E F I N I T I O N

 ELEMENT TYPE  . . . . . . . . . . . . .( NPAR(1) ) . . =    1
     EQ.1, TRUSS ELEMENTS
     EQ.2, ELEMENTS CURRENTLY
     EQ.3, NOT AVAILABLE

 NUMBER OF ELEMENTS. . . . . . . . . . .( NPAR(2) ) . . =   11

 M A T E R I A L   D E F I N I T I O N

 NUMBER OF DIFFERENT SETS OF MATERIAL
 AND CROSS-SECTIONAL  CONSTANTS  . . . .( NPAR(3) ) . . =    1

  SET       YOUNG'S     CROSS-SECTIONAL
 NUMBER     MODULUS          AREA
               E              A
    1     1.50000e+11     1.00000e-02


 E L E M E N T   I N F O R M A T I O N
 ELEMENT     NODE     NODE       MATERIAL
 NUMBER-N      I        J       SET NUMBER
    1          1        4           1
    2          1        2           1
    3          1        5           1
    4          4        2           1
    5          4        5           1
    6          2        5           1
    7          2        3           1
    8          2        6           1
    9          5        3           1
   10          5        6           1
   11          3        6           1

	TOTAL SYSTEM DATA

     NUMBER OF EQUATIONS . . . . . . . . . . . . . .(NEQ) = 9
     NUMBER OF MATRIX ELEMENTS . . . . . . . . . . .(NWK) = 45
     MAXIMUM HALF BANDWIDTH  . . . . . . . . . . . .(MK ) = 9
     MEAN HALF BANDWIDTH . . . . . . . . . . . . . .(MM ) = 5


 LOAD CASE    1


 D I S P L A C E M E N T S

  NODE           X-DISPLACEMENT    Y-DISPLACEMENT    Z-DISPLACEMENT
    1               0.00000e+00       0.00000e+00       0.00000e+00
    2               7.15022e-09      -3.11943e-08       0.00000e+00
    3               1.43004e-08       0.00000e+00       0.00000e+00
    4               1.33333e-08      -1.54578e-09       0.00000e+00
    5               7.15022e-09      -3.42859e-08       0.00000e+00
    6               9.67102e-10      -1.54578e-09       0.00000e+00

 S T R E S S  C A L C U L A T I O N S  F O R  E L E M E N T  G R O U P    1

  ELEMENT             FORCE            STRESS
  NUMBER
    1          -2.31867e-01      -2.31867e+01
    2           5.36266e-01       5.36266e+01
    3          -5.99564e-01      -5.99564e+01
    4           5.18470e-01       5.18470e+01
    5          -4.63734e-01      -4.63734e+01
    6          -4.63734e-01      -4.63734e+01
    7           5.36266e-01       5.36266e+01
    8           5.18470e-01       5.18470e+01
    9          -5.99564e-01      -5.99564e+01
   10          -4.63734e-01      -4.63734e+01
   11          -2.31867e-01      -2.31867e+01


 S O L U T I O N   T I M E   L O G   I N   S E C 

     TIME FOR INPUT PHASE = 3.40000e-02
     TIME FOR CALCULATION OF STIFFNESS MATRIX = 0.00000e+00
     TIME FOR FACTORIZATION AND LOAD CASE SOLUTIONS = 1.70000e-02

     T O T A L   S O L U T I O N   T I M E = 5.10000e-02

