TITLE :  STAP90 input data for Lame of Q8 2x4
        (12:0:57 on May 27, 2025, Tuesday)

C O N T R O L   I N F O R M A T I O N

      NUMBER OF NODAL POINTS . . . . . . . . . . (NUMNP)  =    37
      NUMBER OF ELEMENT GROUPS . . . . . . . . . (NUMEG)  =     1
      NUMBER OF LOAD CASES . . . . . . . . . . . (NLCASE) =     1
      SOLUTION MODE  . . . . . . . . . . . . . . (MODEX)  =     1
         EQ.0, DATA CHECK
         EQ.1, EXECUTION

 N O D A L   P O I N T   D A T A

    NODE       BOUNDARY                         NODAL POINT
   NUMBER  CONDITION  CODES                     COORDINATES
        1    1    0    1       0.00000e+00    4.00000e+00    0.00000e+00
        2    1    0    1       0.00000e+00    2.50000e+00    0.00000e+00
        3    1    0    1       0.00000e+00    1.00000e+00    0.00000e+00
        4    0    0    1       1.53073e+00    3.69552e+00    0.00000e+00
        5    0    0    1       9.56709e-01    2.30970e+00    0.00000e+00
        6    0    0    1       3.82683e-01    9.23879e-01    0.00000e+00
        7    0    0    1       2.82843e+00    2.82843e+00    0.00000e+00
        8    0    0    1       1.76777e+00    1.76777e+00    0.00000e+00
        9    0    0    1       7.07107e-01    7.07107e-01    0.00000e+00
       10    0    0    1       3.69552e+00    1.53073e+00    0.00000e+00
       11    0    0    1       2.30970e+00    9.56709e-01    0.00000e+00
       12    0    0    1       9.23879e-01    3.82683e-01    0.00000e+00
       13    0    1    1       4.00000e+00    0.00000e+00    0.00000e+00
       14    0    1    1       2.50000e+00    0.00000e+00    0.00000e+00
       15    0    1    1       1.00000e+00    0.00000e+00    0.00000e+00
       16    1    0    1       0.00000e+00    3.25000e+00    0.00000e+00
       17    0    0    1       4.78354e-01    2.40485e+00    0.00000e+00
       18    0    0    1       1.24372e+00    3.00261e+00    0.00000e+00
       19    0    0    1       7.80361e-01    3.92314e+00    0.00000e+00
       20    1    0    1       0.00000e+00    1.75000e+00    0.00000e+00
       21    0    0    1       1.95090e-01    9.80785e-01    0.00000e+00
       22    0    0    1       6.69696e-01    1.61679e+00    0.00000e+00
       23    0    0    1       1.36224e+00    2.03873e+00    0.00000e+00
       24    0    0    1       2.29810e+00    2.29810e+00    0.00000e+00
       25    0    0    1       2.22228e+00    3.32588e+00    0.00000e+00
       26    0    0    1       5.55570e-01    8.31470e-01    0.00000e+00
       27    0    0    1       1.23744e+00    1.23744e+00    0.00000e+00
       28    0    0    1       2.03873e+00    1.36224e+00    0.00000e+00
       29    0    0    1       3.00261e+00    1.24372e+00    0.00000e+00
       30    0    0    1       3.32588e+00    2.22228e+00    0.00000e+00
       31    0    0    1       8.31470e-01    5.55570e-01    0.00000e+00
       32    0    0    1       1.61679e+00    6.69696e-01    0.00000e+00
       33    0    0    1       2.40485e+00    4.78354e-01    0.00000e+00
       34    0    1    1       3.25000e+00    0.00000e+00    0.00000e+00
       35    0    0    1       3.92314e+00    7.80361e-01    0.00000e+00
       36    0    0    1       9.80785e-01    1.95090e-01    0.00000e+00
       37    0    1    1       1.75000e+00    0.00000e+00    0.00000e+00

 EQUATION NUMBERS

   NODE NUMBER   DEGREES 	OF 	FREEDOM
        N           X    Y    Z    x    y    z
        1           0    1    0  N/A  N/A  N/A
        2           0    2    0  N/A  N/A  N/A
        3           0    3    0  N/A  N/A  N/A
        4           4    5    0  N/A  N/A  N/A
        5           6    7    0  N/A  N/A  N/A
        6           8    9    0  N/A  N/A  N/A
        7          10   11    0  N/A  N/A  N/A
        8          12   13    0  N/A  N/A  N/A
        9          14   15    0  N/A  N/A  N/A
       10          16   17    0  N/A  N/A  N/A
       11          18   19    0  N/A  N/A  N/A
       12          20   21    0  N/A  N/A  N/A
       13          22    0    0  N/A  N/A  N/A
       14          23    0    0  N/A  N/A  N/A
       15          24    0    0  N/A  N/A  N/A
       16           0   25    0  N/A  N/A  N/A
       17          26   27    0  N/A  N/A  N/A
       18          28   29    0  N/A  N/A  N/A
       19          30   31    0  N/A  N/A  N/A
       20           0   32    0  N/A  N/A  N/A
       21          33   34    0  N/A  N/A  N/A
       22          35   36    0  N/A  N/A  N/A
       23          37   38    0  N/A  N/A  N/A
       24          39   40    0  N/A  N/A  N/A
       25          41   42    0  N/A  N/A  N/A
       26          43   44    0  N/A  N/A  N/A
       27          45   46    0  N/A  N/A  N/A
       28          47   48    0  N/A  N/A  N/A
       29          49   50    0  N/A  N/A  N/A
       30          51   52    0  N/A  N/A  N/A
       31          53   54    0  N/A  N/A  N/A
       32          55   56    0  N/A  N/A  N/A
       33          57   58    0  N/A  N/A  N/A
       34          59    0    0  N/A  N/A  N/A
       35          60   61    0  N/A  N/A  N/A
       36          62   63    0  N/A  N/A  N/A
       37          64    0    0  N/A  N/A  N/A

 L O A D   C A S E   D A T A

     LOAD CASE NUMBER . . . . . . . =     1
     SURFACE  FORCES OF Q8 ELEMENTS . =     4

 ELEMENT       1-NODE        2-NODE        3-NODE        TX1-LOAD       TY1-LOAD       TX2-LOAD       TY2-LOAD       TX3-LOAD       TY3-LOAD
 NUMBER        NUMBER        NUMBER        NUMBER        MAGNITUDE      MAGNITUDE      MAGNITUDE      MAGNITUDE      MAGNITUDE      MAGNITUDE
   2            2            3            6       0.00000e+00       1.00000e+00       3.82683e-01       9.23880e-01       1.95090e-01       9.80785e-01
   4            2            3            6       3.82683e-01       9.23880e-01       7.07107e-01       7.07107e-01       5.55570e-01       8.31470e-01
   6            2            3            6       7.07107e-01       7.07107e-01       9.23880e-01       3.82683e-01       8.31470e-01       5.55570e-01
   8            2            3            6       9.23880e-01       3.82683e-01       1.00000e+00       0.00000e+00       9.80785e-01       1.95090e-01

 E L E M E N T   G R O U P   D A T A


 E L E M E N T   D E F I N I T I O N

 ELEMENT TYPE  . . . . . . . . . . . . .( NPAR(1) ) . . =    4
     EQ.1, TRUSS ELEMENTS
     EQ.2, ELEMENTS CURRENTLY
     EQ.3, NOT AVAILABLE
     EQ.4, Q8
     EQ.7, H8

 NUMBER OF ELEMENTS. . . . . . . . . . .( NPAR(2) ) . . =    8

 M A T E R I A L   D E F I N I T I O N

 NUMBER OF DIFFERENT SETS OF MATERIAL    1

  SET       YOUNG'S        POISSON'S        THICK        PLANE-
 NUMBER     MODULUS          RATIO          -NESS        STRAIN
               E              nu              t           FLAG
    1     1.30000e+01     3.00000e-01     1.00000e+00       0


 E L E M E N T   I N F O R M A T I O N
 ELEMENT     NODE       NODE     	NODE      NODE      NODE       NODE        NODE        NODE        MATERIAL
 NUMBER-N      I          J         K         L         M          N           O           P          SET NUMBER
    1          1          2          5          4         16         17         18         19           1
    2          2          3          6          5         20         21         22         17           1
    3          4          5          8          7         18         23         24         25           1
    4          5          6          9          8         22         26         27         23           1
    5          7          8         11         10         24         28         29         30           1
    6          8          9         12         11         27         31         32         28           1
    7         10         11         14         13         29         33         34         35           1
    8         11         12         15         14         32         36         37         33           1

	TOTAL SYSTEM DATA

     NUMBER OF EQUATIONS . . . . . . . . . . . . . .(NEQ) = 64
     NUMBER OF MATRIX ELEMENTS . . . . . . . . . . .(NWK) = 1683
     MAXIMUM HALF BANDWIDTH  . . . . . . . . . . . .(MK ) = 47
     MEAN HALF BANDWIDTH . . . . . . . . . . . . . .(MM ) = 26


 D I S P L A C E M E N T S

  NODE            X-DISPLACEMENT    Y-DISPLACEMENT    Z-DISPLACEMENT    X-ROTATION    Y-ROTATION    Z-ROTATION
    1               0.00000e+00       4.11183e-02       0.00000e+00         N/A         N/A            N/A
    2               0.00000e+00       5.17518e-02       0.00000e+00         N/A         N/A            N/A
    3               0.00000e+00       1.09907e-01       0.00000e+00         N/A         N/A            N/A
    4               1.57353e-02       3.79883e-02       0.00000e+00         N/A         N/A            N/A
    5               1.98046e-02       4.78124e-02       0.00000e+00         N/A         N/A            N/A
    6               4.20595e-02       1.01541e-01       0.00000e+00         N/A         N/A            N/A
    7               2.90750e-02       2.90750e-02       0.00000e+00         N/A         N/A            N/A
    8               3.65940e-02       3.65940e-02       0.00000e+00         N/A         N/A            N/A
    9               7.77159e-02       7.77159e-02       0.00000e+00         N/A         N/A            N/A
   10               3.79883e-02       1.57353e-02       0.00000e+00         N/A         N/A            N/A
   11               4.78124e-02       1.98046e-02       0.00000e+00         N/A         N/A            N/A
   12               1.01541e-01       4.20595e-02       0.00000e+00         N/A         N/A            N/A
   13               4.11183e-02       0.00000e+00       0.00000e+00         N/A         N/A            N/A
   14               5.17518e-02       0.00000e+00       0.00000e+00         N/A         N/A            N/A
   15               1.09907e-01       0.00000e+00       0.00000e+00         N/A         N/A            N/A
   16               0.00000e+00       4.44516e-02       0.00000e+00         N/A         N/A            N/A
   17               1.01902e-02       5.12296e-02       0.00000e+00         N/A         N/A            N/A
   18               1.70109e-02       4.10679e-02       0.00000e+00         N/A         N/A            N/A
   19               7.99407e-03       4.01889e-02       0.00000e+00         N/A         N/A            N/A
   20               0.00000e+00       6.72222e-02       0.00000e+00         N/A         N/A            N/A
   21               2.15436e-02       1.08307e-01       0.00000e+00         N/A         N/A            N/A
   22               2.57248e-02       6.21052e-02       0.00000e+00         N/A         N/A            N/A
   23               2.90192e-02       4.34303e-02       0.00000e+00         N/A         N/A            N/A
   24               3.14320e-02       3.14320e-02       0.00000e+00         N/A         N/A            N/A
   25               2.27652e-02       3.40705e-02       0.00000e+00         N/A         N/A            N/A
   26               6.13511e-02       9.18183e-02       0.00000e+00         N/A         N/A            N/A
   27               4.75333e-02       4.75333e-02       0.00000e+00         N/A         N/A            N/A
   28               4.34303e-02       2.90192e-02       0.00000e+00         N/A         N/A            N/A
   29               4.10679e-02       1.70109e-02       0.00000e+00         N/A         N/A            N/A
   30               3.40705e-02       2.27652e-02       0.00000e+00         N/A         N/A            N/A
   31               9.18183e-02       6.13511e-02       0.00000e+00         N/A         N/A            N/A
   32               6.21052e-02       2.57248e-02       0.00000e+00         N/A         N/A            N/A
   33               5.12296e-02       1.01902e-02       0.00000e+00         N/A         N/A            N/A
   34               4.44516e-02       0.00000e+00       0.00000e+00         N/A         N/A            N/A
   35               4.01889e-02       7.99407e-03       0.00000e+00         N/A         N/A            N/A
   36               1.08307e-01       2.15436e-02       0.00000e+00         N/A         N/A            N/A
   37               6.72222e-02       0.00000e+00       0.00000e+00         N/A         N/A            N/A

 S T R E S S  C A L C U L A T I O N S  F O R  E L E M E N T  G R O U P    1

ELEMENT NUMBER	  	x-coord	    	    y-coord           Sigma_xx             sigma_yy               Sigma_xy
GAUSSPOINT NUMBER
       1-1           3.05731e-01           3.66340e+00       1.43972e-01          -1.06494e-02          -1.35386e-02
       1-2           1.11946e+00           3.50154e+00       1.30902e-01           2.42118e-03          -4.50938e-02
       1-3           2.29924e-01           2.78229e+00       2.02203e-01          -6.88951e-02          -2.32366e-02
       1-4           8.52316e-01           2.65849e+00       1.78933e-01          -4.56244e-02          -7.94170e-02
       2-1           1.77070e-01           2.15055e+00       2.84476e-01          -1.51080e-01          -3.69642e-02
       2-2           6.59390e-01           2.05461e+00       2.46828e-01          -1.13432e-01          -1.27854e-01
       2-3           1.08476e-01           1.30571e+00       7.01626e-01          -5.68353e-01          -1.04166e-01
       2-4           3.99455e-01           1.24783e+00       5.89299e-01          -4.56026e-01          -3.75349e-01
       3-1           1.68438e+00           3.26754e+00       1.11755e-01           2.15677e-02          -6.42403e-02
       3-2           2.37423e+00           2.80660e+00       8.02001e-02           5.31229e-02          -7.73109e-02
       3-3           1.27716e+00           2.48252e+00       1.46071e-01          -1.27629e-02          -1.12279e-01
       3-4           1.80480e+00           2.12996e+00       8.98908e-02           4.34176e-02          -1.35549e-01
       4-1           9.86571e-01           1.91909e+00       1.94552e-01          -6.11564e-02          -1.80130e-01
       4-2           1.39546e+00           1.64588e+00       1.03662e-01           2.97338e-02          -2.17778e-01
       4-3           5.99893e-01           1.16481e+00       4.41986e-01          -3.08712e-01          -5.22662e-01
       4-4           8.46573e-01           9.99981e-01       1.70803e-01          -3.75297e-02          -6.34990e-01
       5-1           2.80660e+00           2.37423e+00       5.31229e-02           8.02001e-02          -7.73109e-02
       5-2           3.26754e+00           1.68438e+00       2.15677e-02           1.11755e-01          -6.42403e-02
       5-3           2.12996e+00           1.80480e+00       4.34176e-02           8.98908e-02          -1.35549e-01
       5-4           2.48252e+00           1.27716e+00      -1.27629e-02           1.46071e-01          -1.12279e-01
       6-1           1.64588e+00           1.39546e+00       2.97338e-02           1.03662e-01          -2.17778e-01
       6-2           1.91909e+00           9.86571e-01      -6.11564e-02           1.94552e-01          -1.80130e-01
       6-3           9.99981e-01           8.46573e-01      -3.75297e-02           1.70803e-01          -6.34990e-01
       6-4           1.16481e+00           5.99893e-01      -3.08712e-01           4.41986e-01          -5.22662e-01
       7-1           3.50154e+00           1.11946e+00       2.42118e-03           1.30902e-01          -4.50938e-02
       7-2           3.66340e+00           3.05731e-01      -1.06494e-02           1.43972e-01          -1.35386e-02
       7-3           2.65849e+00           8.52316e-01      -4.56244e-02           1.78933e-01          -7.94170e-02
       7-4           2.78229e+00           2.29924e-01      -6.88951e-02           2.02203e-01          -2.32366e-02
       8-1           2.05461e+00           6.59390e-01      -1.13432e-01           2.46828e-01          -1.27854e-01
       8-2           2.15055e+00           1.77070e-01      -1.51080e-01           2.84476e-01          -3.69642e-02
       8-3           1.24783e+00           3.99455e-01      -4.56026e-01           5.89299e-01          -3.75349e-01
       8-4           1.30571e+00           1.08476e-01      -5.68353e-01           7.01626e-01          -1.04166e-01


 S O L U T I O N   T I M E   L O G   I N   S E C 

     TIME FOR INPUT PHASE = 1.22000e-01
     TIME FOR CALCULATION OF STIFFNESS MATRIX = 1.00000e-03
     TIME FOR FACTORIZATION AND LOAD CASE SOLUTIONS = 1.33000e-01

     T O T A L   S O L U T I O N   T I M E = 2.56000e-01

