TITLE :  STAP90 input data for Lame of Q8
        (12:48:50 on May 29, 2025, Thursday)

C O N T R O L   I N F O R M A T I O N

      NUMBER OF NODAL POINTS . . . . . . . . . . (NUMNP)  =   121
      NUMBER OF ELEMENT GROUPS . . . . . . . . . (NUMEG)  =     1
      NUMBER OF LOAD CASES . . . . . . . . . . . (NLCASE) =     1
      SOLUTION MODE  . . . . . . . . . . . . . . (MODEX)  =     1
         EQ.0, DATA CHECK
         EQ.1, EXECUTION

 N O D A L   P O I N T   D A T A

    NODE       BOUNDARY                         NODAL POINT
   NUMBER  CONDITION  CODES                     COORDINATES
        1    1    0    1       0.00000e+00    4.00000e+00    0.00000e+00
        2    1    0    1       0.00000e+00    3.25000e+00    0.00000e+00
        3    1    0    1       0.00000e+00    2.50000e+00    0.00000e+00
        4    1    0    1       0.00000e+00    1.75000e+00    0.00000e+00
        5    1    0    1       0.00000e+00    1.00000e+00    0.00000e+00
        6    0    0    1       7.80361e-01    3.92314e+00    0.00000e+00
        7    0    0    1       6.34044e-01    3.18755e+00    0.00000e+00
        8    0    0    1       4.87726e-01    2.45196e+00    0.00000e+00
        9    0    0    1       3.41408e-01    1.71637e+00    0.00000e+00
       10    0    0    1       1.95090e-01    9.80785e-01    0.00000e+00
       11    0    0    1       1.53073e+00    3.69552e+00    0.00000e+00
       12    0    0    1       1.24372e+00    3.00261e+00    0.00000e+00
       13    0    0    1       9.56709e-01    2.30970e+00    0.00000e+00
       14    0    0    1       6.69696e-01    1.61679e+00    0.00000e+00
       15    0    0    1       3.82683e-01    9.23880e-01    0.00000e+00
       16    0    0    1       2.22228e+00    3.32588e+00    0.00000e+00
       17    0    0    1       1.80560e+00    2.70228e+00    0.00000e+00
       18    0    0    1       1.38893e+00    2.07867e+00    0.00000e+00
       19    0    0    1       9.72248e-01    1.45507e+00    0.00000e+00
       20    0    0    1       5.55570e-01    8.31470e-01    0.00000e+00
       21    0    0    1       2.82843e+00    2.82843e+00    0.00000e+00
       22    0    0    1       2.29810e+00    2.29810e+00    0.00000e+00
       23    0    0    1       1.76777e+00    1.76777e+00    0.00000e+00
       24    0    0    1       1.23744e+00    1.23744e+00    0.00000e+00
       25    0    0    1       7.07107e-01    7.07107e-01    0.00000e+00
       26    0    0    1       3.32588e+00    2.22228e+00    0.00000e+00
       27    0    0    1       2.70228e+00    1.80560e+00    0.00000e+00
       28    0    0    1       2.07867e+00    1.38893e+00    0.00000e+00
       29    0    0    1       1.45507e+00    9.72248e-01    0.00000e+00
       30    0    0    1       8.31470e-01    5.55570e-01    0.00000e+00
       31    0    0    1       3.69552e+00    1.53073e+00    0.00000e+00
       32    0    0    1       3.00261e+00    1.24372e+00    0.00000e+00
       33    0    0    1       2.30970e+00    9.56709e-01    0.00000e+00
       34    0    0    1       1.61679e+00    6.69696e-01    0.00000e+00
       35    0    0    1       9.23880e-01    3.82683e-01    0.00000e+00
       36    0    0    1       3.92314e+00    7.80361e-01    0.00000e+00
       37    0    0    1       3.18755e+00    6.34044e-01    0.00000e+00
       38    0    0    1       2.45196e+00    4.87726e-01    0.00000e+00
       39    0    0    1       1.71637e+00    3.41408e-01    0.00000e+00
       40    0    0    1       9.80785e-01    1.95090e-01    0.00000e+00
       41    0    1    1       4.00000e+00    0.00000e+00    0.00000e+00
       42    0    1    1       3.25000e+00    0.00000e+00    0.00000e+00
       43    0    1    1       2.50000e+00    0.00000e+00    0.00000e+00
       44    0    1    1       1.75000e+00    0.00000e+00    0.00000e+00
       45    0    1    1       1.00000e+00    0.00000e+00    0.00000e+00
       46    1    0    1       0.00000e+00    3.62500e+00    0.00000e+00
       47    0    0    1       3.17022e-01    3.21878e+00    0.00000e+00
       48    0    0    1       7.07202e-01    3.55535e+00    0.00000e+00
       49    0    0    1       3.92069e-01    3.98074e+00    0.00000e+00
       50    1    0    1       0.00000e+00    2.87500e+00    0.00000e+00
       51    0    0    1       2.43863e-01    2.47598e+00    0.00000e+00
       52    0    0    1       5.60885e-01    2.81976e+00    0.00000e+00
       53    1    0    1       0.00000e+00    2.12500e+00    0.00000e+00
       54    0    0    1       1.70704e-01    1.73319e+00    0.00000e+00
       55    0    0    1       4.14567e-01    2.08417e+00    0.00000e+00
       56    1    0    1       0.00000e+00    1.37500e+00    0.00000e+00
       57    0    0    1       9.80171e-02    9.95185e-01    0.00000e+00
       58    0    0    1       2.68249e-01    1.34858e+00    0.00000e+00
       59    0    0    1       9.38882e-01    3.09508e+00    0.00000e+00
       60    0    0    1       1.38723e+00    3.34906e+00    0.00000e+00
       61    0    0    1       1.16114e+00    3.82776e+00    0.00000e+00
       62    0    0    1       7.22217e-01    2.38083e+00    0.00000e+00
       63    0    0    1       1.10021e+00    2.65615e+00    0.00000e+00
       64    0    0    1       5.05552e-01    1.66658e+00    0.00000e+00
       65    0    0    1       8.13202e-01    1.96324e+00    0.00000e+00
       66    0    0    1       2.90285e-01    9.56940e-01    0.00000e+00
       67    0    0    1       5.26190e-01    1.27033e+00    0.00000e+00
       68    0    0    1       1.52466e+00    2.85244e+00    0.00000e+00
       69    0    0    1       2.01394e+00    3.01408e+00    0.00000e+00
       70    0    0    1       1.88559e+00    3.52768e+00    0.00000e+00
       71    0    0    1       1.17282e+00    2.19419e+00    0.00000e+00
       72    0    0    1       1.59726e+00    2.39048e+00    0.00000e+00
       73    0    0    1       8.20972e-01    1.53593e+00    0.00000e+00
       74    0    0    1       1.18059e+00    1.76687e+00    0.00000e+00
       75    0    0    1       4.71397e-01    8.81921e-01    0.00000e+00
       76    0    0    1       7.63909e-01    1.14327e+00    0.00000e+00
       77    0    0    1       2.05185e+00    2.50019e+00    0.00000e+00
       78    0    0    1       2.56326e+00    2.56326e+00    0.00000e+00
       79    0    0    1       2.53757e+00    3.09204e+00    0.00000e+00
       80    0    0    1       1.57835e+00    1.92322e+00    0.00000e+00
       81    0    0    1       2.03293e+00    2.03293e+00    0.00000e+00
       82    0    0    1       1.10484e+00    1.34625e+00    0.00000e+00
       83    0    0    1       1.50260e+00    1.50260e+00    0.00000e+00
       84    0    0    1       6.34393e-01    7.73010e-01    0.00000e+00
       85    0    0    1       9.72272e-01    9.72272e-01    0.00000e+00
       86    0    0    1       2.50019e+00    2.05185e+00    0.00000e+00
       87    0    0    1       3.01408e+00    2.01394e+00    0.00000e+00
       88    0    0    1       3.09204e+00    2.53757e+00    0.00000e+00
       89    0    0    1       1.92322e+00    1.57835e+00    0.00000e+00
       90    0    0    1       2.39048e+00    1.59726e+00    0.00000e+00
       91    0    0    1       1.34625e+00    1.10484e+00    0.00000e+00
       92    0    0    1       1.76687e+00    1.18059e+00    0.00000e+00
       93    0    0    1       7.73010e-01    6.34393e-01    0.00000e+00
       94    0    0    1       1.14327e+00    7.63909e-01    0.00000e+00
       95    0    0    1       2.85244e+00    1.52466e+00    0.00000e+00
       96    0    0    1       3.34906e+00    1.38723e+00    0.00000e+00
       97    0    0    1       3.52768e+00    1.88559e+00    0.00000e+00
       98    0    0    1       2.19419e+00    1.17282e+00    0.00000e+00
       99    0    0    1       2.65615e+00    1.10021e+00    0.00000e+00
      100    0    0    1       1.53593e+00    8.20972e-01    0.00000e+00
      101    0    0    1       1.96324e+00    8.13202e-01    0.00000e+00
      102    0    0    1       8.81921e-01    4.71397e-01    0.00000e+00
      103    0    0    1       1.27033e+00    5.26190e-01    0.00000e+00
      104    0    0    1       3.09508e+00    9.38882e-01    0.00000e+00
      105    0    0    1       3.55535e+00    7.07202e-01    0.00000e+00
      106    0    0    1       3.82776e+00    1.16114e+00    0.00000e+00
      107    0    0    1       2.38083e+00    7.22217e-01    0.00000e+00
      108    0    0    1       2.81976e+00    5.60885e-01    0.00000e+00
      109    0    0    1       1.66658e+00    5.05552e-01    0.00000e+00
      110    0    0    1       2.08417e+00    4.14567e-01    0.00000e+00
      111    0    0    1       9.56940e-01    2.90285e-01    0.00000e+00
      112    0    0    1       1.34858e+00    2.68249e-01    0.00000e+00
      113    0    0    1       3.21878e+00    3.17022e-01    0.00000e+00
      114    0    1    1       3.62500e+00    0.00000e+00    0.00000e+00
      115    0    0    1       3.98074e+00    3.92069e-01    0.00000e+00
      116    0    0    1       2.47598e+00    2.43863e-01    0.00000e+00
      117    0    1    1       2.87500e+00    0.00000e+00    0.00000e+00
      118    0    0    1       1.73319e+00    1.70704e-01    0.00000e+00
      119    0    1    1       2.12500e+00    0.00000e+00    0.00000e+00
      120    0    0    1       9.95185e-01    9.80171e-02    0.00000e+00
      121    0    1    1       1.37500e+00    0.00000e+00    0.00000e+00

 EQUATION NUMBERS

   NODE NUMBER   DEGREES 	OF 	FREEDOM
        N           X    Y    Z    x    y    z
        1           0    1    0  N/A  N/A  N/A
        2           0    2    0  N/A  N/A  N/A
        3           0    3    0  N/A  N/A  N/A
        4           0    4    0  N/A  N/A  N/A
        5           0    5    0  N/A  N/A  N/A
        6           6    7    0  N/A  N/A  N/A
        7           8    9    0  N/A  N/A  N/A
        8          10   11    0  N/A  N/A  N/A
        9          12   13    0  N/A  N/A  N/A
       10          14   15    0  N/A  N/A  N/A
       11          16   17    0  N/A  N/A  N/A
       12          18   19    0  N/A  N/A  N/A
       13          20   21    0  N/A  N/A  N/A
       14          22   23    0  N/A  N/A  N/A
       15          24   25    0  N/A  N/A  N/A
       16          26   27    0  N/A  N/A  N/A
       17          28   29    0  N/A  N/A  N/A
       18          30   31    0  N/A  N/A  N/A
       19          32   33    0  N/A  N/A  N/A
       20          34   35    0  N/A  N/A  N/A
       21          36   37    0  N/A  N/A  N/A
       22          38   39    0  N/A  N/A  N/A
       23          40   41    0  N/A  N/A  N/A
       24          42   43    0  N/A  N/A  N/A
       25          44   45    0  N/A  N/A  N/A
       26          46   47    0  N/A  N/A  N/A
       27          48   49    0  N/A  N/A  N/A
       28          50   51    0  N/A  N/A  N/A
       29          52   53    0  N/A  N/A  N/A
       30          54   55    0  N/A  N/A  N/A
       31          56   57    0  N/A  N/A  N/A
       32          58   59    0  N/A  N/A  N/A
       33          60   61    0  N/A  N/A  N/A
       34          62   63    0  N/A  N/A  N/A
       35          64   65    0  N/A  N/A  N/A
       36          66   67    0  N/A  N/A  N/A
       37          68   69    0  N/A  N/A  N/A
       38          70   71    0  N/A  N/A  N/A
       39          72   73    0  N/A  N/A  N/A
       40          74   75    0  N/A  N/A  N/A
       41          76    0    0  N/A  N/A  N/A
       42          77    0    0  N/A  N/A  N/A
       43          78    0    0  N/A  N/A  N/A
       44          79    0    0  N/A  N/A  N/A
       45          80    0    0  N/A  N/A  N/A
       46           0   81    0  N/A  N/A  N/A
       47          82   83    0  N/A  N/A  N/A
       48          84   85    0  N/A  N/A  N/A
       49          86   87    0  N/A  N/A  N/A
       50           0   88    0  N/A  N/A  N/A
       51          89   90    0  N/A  N/A  N/A
       52          91   92    0  N/A  N/A  N/A
       53           0   93    0  N/A  N/A  N/A
       54          94   95    0  N/A  N/A  N/A
       55          96   97    0  N/A  N/A  N/A
       56           0   98    0  N/A  N/A  N/A
       57          99  100    0  N/A  N/A  N/A
       58         101  102    0  N/A  N/A  N/A
       59         103  104    0  N/A  N/A  N/A
       60         105  106    0  N/A  N/A  N/A
       61         107  108    0  N/A  N/A  N/A
       62         109  110    0  N/A  N/A  N/A
       63         111  112    0  N/A  N/A  N/A
       64         113  114    0  N/A  N/A  N/A
       65         115  116    0  N/A  N/A  N/A
       66         117  118    0  N/A  N/A  N/A
       67         119  120    0  N/A  N/A  N/A
       68         121  122    0  N/A  N/A  N/A
       69         123  124    0  N/A  N/A  N/A
       70         125  126    0  N/A  N/A  N/A
       71         127  128    0  N/A  N/A  N/A
       72         129  130    0  N/A  N/A  N/A
       73         131  132    0  N/A  N/A  N/A
       74         133  134    0  N/A  N/A  N/A
       75         135  136    0  N/A  N/A  N/A
       76         137  138    0  N/A  N/A  N/A
       77         139  140    0  N/A  N/A  N/A
       78         141  142    0  N/A  N/A  N/A
       79         143  144    0  N/A  N/A  N/A
       80         145  146    0  N/A  N/A  N/A
       81         147  148    0  N/A  N/A  N/A
       82         149  150    0  N/A  N/A  N/A
       83         151  152    0  N/A  N/A  N/A
       84         153  154    0  N/A  N/A  N/A
       85         155  156    0  N/A  N/A  N/A
       86         157  158    0  N/A  N/A  N/A
       87         159  160    0  N/A  N/A  N/A
       88         161  162    0  N/A  N/A  N/A
       89         163  164    0  N/A  N/A  N/A
       90         165  166    0  N/A  N/A  N/A
       91         167  168    0  N/A  N/A  N/A
       92         169  170    0  N/A  N/A  N/A
       93         171  172    0  N/A  N/A  N/A
       94         173  174    0  N/A  N/A  N/A
       95         175  176    0  N/A  N/A  N/A
       96         177  178    0  N/A  N/A  N/A
       97         179  180    0  N/A  N/A  N/A
       98         181  182    0  N/A  N/A  N/A
       99         183  184    0  N/A  N/A  N/A
      100         185  186    0  N/A  N/A  N/A
      101         187  188    0  N/A  N/A  N/A
      102         189  190    0  N/A  N/A  N/A
      103         191  192    0  N/A  N/A  N/A
      104         193  194    0  N/A  N/A  N/A
      105         195  196    0  N/A  N/A  N/A
      106         197  198    0  N/A  N/A  N/A
      107         199  200    0  N/A  N/A  N/A
      108         201  202    0  N/A  N/A  N/A
      109         203  204    0  N/A  N/A  N/A
      110         205  206    0  N/A  N/A  N/A
      111         207  208    0  N/A  N/A  N/A
      112         209  210    0  N/A  N/A  N/A
      113         211  212    0  N/A  N/A  N/A
      114         213    0    0  N/A  N/A  N/A
      115         214  215    0  N/A  N/A  N/A
      116         216  217    0  N/A  N/A  N/A
      117         218    0    0  N/A  N/A  N/A
      118         219  220    0  N/A  N/A  N/A
      119         221    0    0  N/A  N/A  N/A
      120         222  223    0  N/A  N/A  N/A
      121         224    0    0  N/A  N/A  N/A

 L O A D   C A S E   D A T A

     LOAD CASE NUMBER . . . . . . . =     1
     SURFACE  FORCES OF Q8 ELEMENTS . =     8

 ELEMENT       1-NODE        2-NODE        3-NODE        TX1-LOAD       TY1-LOAD       TX2-LOAD       TY2-LOAD       TX3-LOAD       TY3-LOAD
 NUMBER        NUMBER        NUMBER        NUMBER        MAGNITUDE      MAGNITUDE      MAGNITUDE      MAGNITUDE      MAGNITUDE      MAGNITUDE
   4            2            3            6       0.00000e+00       1.00000e+00       1.95100e-01       9.80800e-01       9.80000e-02       9.95200e-01
   8            2            3            6       1.95100e-01       9.80800e-01       3.82700e-01       9.23900e-01       2.90300e-01       9.56900e-01
  12            2            3            6       3.82700e-01       9.23900e-01       5.55600e-01       8.31500e-01       4.71400e-01       8.81900e-01
  16            2            3            6       5.55600e-01       8.31500e-01       7.07100e-01       7.07100e-01       6.34400e-01       7.73000e-01
  20            2            3            6       7.07100e-01       7.07100e-01       8.31500e-01       5.55600e-01       7.73000e-01       6.34400e-01
  24            2            3            6       8.31500e-01       5.55600e-01       9.23900e-01       3.82700e-01       8.81900e-01       4.71400e-01
  28            2            3            6       9.23900e-01       3.82700e-01       9.80800e-01       1.95100e-01       9.56900e-01       2.90300e-01
  32            2            3            6       9.80800e-01       1.95100e-01       1.00000e+00       0.00000e+00       9.95200e-01       9.80000e-02

 E L E M E N T   G R O U P   D A T A


 E L E M E N T   D E F I N I T I O N

 ELEMENT TYPE  . . . . . . . . . . . . .( NPAR(1) ) . . =    4
     EQ.1, TRUSS ELEMENTS
     EQ.2, ELEMENTS CURRENTLY
     EQ.3, NOT AVAILABLE
     EQ.4, Q8
     EQ.7, H8

 NUMBER OF ELEMENTS. . . . . . . . . . .( NPAR(2) ) . . =   32

 M A T E R I A L   D E F I N I T I O N

 NUMBER OF DIFFERENT SETS OF MATERIAL    1

  SET       YOUNG'S        POISSON'S        THICK        PLANE-
 NUMBER     MODULUS          RATIO          -NESS        STRAIN
               E              nu              t           FLAG
    1     1.30000e+01     3.00000e-01     1.00000e+00       0


 E L E M E N T   I N F O R M A T I O N
 ELEMENT     NODE       NODE     	NODE      NODE      NODE       NODE        NODE        NODE        MATERIAL
 NUMBER-N      I          J         K         L         M          N           O           P          SET NUMBER
    1          1          2          7          6         46         47         48         49           1
    2          2          3          8          7         50         51         52         47           1
    3          3          4          9          8         53         54         55         51           1
    4          4          5         10          9         56         57         58         54           1
    5          6          7         12         11         48         59         60         61           1
    6          7          8         13         12         52         62         63         59           1
    7          8          9         14         13         55         64         65         62           1
    8          9         10         15         14         58         66         67         64           1
    9         11         12         17         16         60         68         69         70           1
   10         12         13         18         17         63         71         72         68           1
   11         13         14         19         18         65         73         74         71           1
   12         14         15         20         19         67         75         76         73           1
   13         16         17         22         21         69         77         78         79           1
   14         17         18         23         22         72         80         81         77           1
   15         18         19         24         23         74         82         83         80           1
   16         19         20         25         24         76         84         85         82           1
   17         21         22         27         26         78         86         87         88           1
   18         22         23         28         27         81         89         90         86           1
   19         23         24         29         28         83         91         92         89           1
   20         24         25         30         29         85         93         94         91           1
   21         26         27         32         31         87         95         96         97           1
   22         27         28         33         32         90         98         99         95           1
   23         28         29         34         33         92        100        101         98           1
   24         29         30         35         34         94        102        103        100           1
   25         31         32         37         36         96        104        105        106           1
   26         32         33         38         37         99        107        108        104           1
   27         33         34         39         38        101        109        110        107           1
   28         34         35         40         39        103        111        112        109           1
   29         36         37         42         41        105        113        114        115           1
   30         37         38         43         42        108        116        117        113           1
   31         38         39         44         43        110        118        119        116           1
   32         39         40         45         44        112        120        121        118           1

	TOTAL SYSTEM DATA

     NUMBER OF EQUATIONS . . . . . . . . . . . . . .(NEQ) = 224
     NUMBER OF MATRIX ELEMENTS . . . . . . . . . . .(NWK) = 18397
     MAXIMUM HALF BANDWIDTH  . . . . . . . . . . . .(MK ) = 153
     MEAN HALF BANDWIDTH . . . . . . . . . . . . . .(MM ) = 82


 D I S P L A C E M E N T S

  NODE            X-DISPLACEMENT    Y-DISPLACEMENT    Z-DISPLACEMENT    X-ROTATION    Y-ROTATION    Z-ROTATION
    1               0.00000e+00       4.10374e-02       0.00000e+00         N/A          N/A            N/A
    2               0.00000e+00       4.44923e-02       0.00000e+00         N/A          N/A            N/A
    3               0.00000e+00       5.16467e-02       0.00000e+00         N/A          N/A            N/A
    4               0.00000e+00       6.72326e-02       0.00000e+00         N/A          N/A            N/A
    5               0.00000e+00       1.10198e-01       0.00000e+00         N/A          N/A            N/A
    6               8.00599e-03       4.02489e-02       0.00000e+00         N/A          N/A            N/A
    7               8.68001e-03       4.36374e-02       0.00000e+00         N/A          N/A            N/A
    8               1.00758e-02       5.06543e-02       0.00000e+00         N/A          N/A            N/A
    9               1.31164e-02       6.59408e-02       0.00000e+00         N/A          N/A            N/A
   10               2.14987e-02       1.08080e-01       0.00000e+00         N/A          N/A            N/A
   11               1.57043e-02       3.79137e-02       0.00000e+00         N/A          N/A            N/A
   12               1.70265e-02       4.11055e-02       0.00000e+00         N/A          N/A            N/A
   13               1.97644e-02       4.77154e-02       0.00000e+00         N/A          N/A            N/A
   14               2.57289e-02       6.21149e-02       0.00000e+00         N/A          N/A            N/A
   15               4.21716e-02       1.01809e-01       0.00000e+00         N/A          N/A            N/A
   16               2.27992e-02       3.41214e-02       0.00000e+00         N/A          N/A            N/A
   17               2.47186e-02       3.69940e-02       0.00000e+00         N/A          N/A            N/A
   18               2.86934e-02       4.29427e-02       0.00000e+00         N/A          N/A            N/A
   19               3.73526e-02       5.59020e-02       0.00000e+00         N/A          N/A            N/A
   20               6.12234e-02       9.16264e-02       0.00000e+00         N/A          N/A            N/A
   21               2.90179e-02       2.90179e-02       0.00000e+00         N/A          N/A            N/A
   22               3.14609e-02       3.14609e-02       0.00000e+00         N/A          N/A            N/A
   23               3.65198e-02       3.65198e-02       0.00000e+00         N/A          N/A            N/A
   24               4.75408e-02       4.75408e-02       0.00000e+00         N/A          N/A            N/A
   25               7.79220e-02       7.79220e-02       0.00000e+00         N/A          N/A            N/A
   26               3.41214e-02       2.27992e-02       0.00000e+00         N/A          N/A            N/A
   27               3.69940e-02       2.47186e-02       0.00000e+00         N/A          N/A            N/A
   28               4.29427e-02       2.86934e-02       0.00000e+00         N/A          N/A            N/A
   29               5.59020e-02       3.73526e-02       0.00000e+00         N/A          N/A            N/A
   30               9.16264e-02       6.12234e-02       0.00000e+00         N/A          N/A            N/A
   31               3.79137e-02       1.57043e-02       0.00000e+00         N/A          N/A            N/A
   32               4.11055e-02       1.70265e-02       0.00000e+00         N/A          N/A            N/A
   33               4.77154e-02       1.97644e-02       0.00000e+00         N/A          N/A            N/A
   34               6.21149e-02       2.57289e-02       0.00000e+00         N/A          N/A            N/A
   35               1.01809e-01       4.21716e-02       0.00000e+00         N/A          N/A            N/A
   36               4.02489e-02       8.00599e-03       0.00000e+00         N/A          N/A            N/A
   37               4.36374e-02       8.68001e-03       0.00000e+00         N/A          N/A            N/A
   38               5.06543e-02       1.00758e-02       0.00000e+00         N/A          N/A            N/A
   39               6.59408e-02       1.31164e-02       0.00000e+00         N/A          N/A            N/A
   40               1.08080e-01       2.14987e-02       0.00000e+00         N/A          N/A            N/A
   41               4.10374e-02       0.00000e+00       0.00000e+00         N/A          N/A            N/A
   42               4.44923e-02       0.00000e+00       0.00000e+00         N/A          N/A            N/A
   43               5.16467e-02       0.00000e+00       0.00000e+00         N/A          N/A            N/A
   44               6.72326e-02       0.00000e+00       0.00000e+00         N/A          N/A            N/A
   45               1.10198e-01       0.00000e+00       0.00000e+00         N/A          N/A            N/A
   46               0.00000e+00       4.24351e-02       0.00000e+00         N/A          N/A            N/A
   47               4.37023e-03       4.43717e-02       0.00000e+00         N/A          N/A            N/A
   48               8.27868e-03       4.16197e-02       0.00000e+00         N/A          N/A            N/A
   49               4.02061e-03       4.08220e-02       0.00000e+00         N/A          N/A            N/A
   50               0.00000e+00       4.74232e-02       0.00000e+00         N/A          N/A            N/A
   51               5.07727e-03       5.15504e-02       0.00000e+00         N/A          N/A            N/A
   52               9.25182e-03       4.65120e-02       0.00000e+00         N/A          N/A            N/A
   53               0.00000e+00       5.78157e-02       0.00000e+00         N/A          N/A            N/A
   54               6.61601e-03       6.71736e-02       0.00000e+00         N/A          N/A            N/A
   55               1.12793e-02       5.67048e-02       0.00000e+00         N/A          N/A            N/A
   56               0.00000e+00       8.25219e-02       0.00000e+00         N/A          N/A            N/A
   57               1.08099e-02       1.09754e-01       0.00000e+00         N/A          N/A            N/A
   58               1.60993e-02       8.09362e-02       0.00000e+00         N/A          N/A            N/A
   59               1.29428e-02       4.26666e-02       0.00000e+00         N/A          N/A            N/A
   60               1.62392e-02       3.92050e-02       0.00000e+00         N/A          N/A            N/A
   61               1.19073e-02       3.92532e-02       0.00000e+00         N/A          N/A            N/A
   62               1.50367e-02       4.95694e-02       0.00000e+00         N/A          N/A            N/A
   63               1.81481e-02       4.38134e-02       0.00000e+00         N/A          N/A            N/A
   64               1.95939e-02       6.45922e-02       0.00000e+00         N/A          N/A            N/A
   65               2.21251e-02       5.34148e-02       0.00000e+00         N/A          N/A            N/A
   66               3.20145e-02       1.05536e-01       0.00000e+00         N/A          N/A            N/A
   67               3.15798e-02       7.62404e-02       0.00000e+00         N/A          N/A            N/A
   68               2.10179e-02       3.93218e-02       0.00000e+00         N/A          N/A            N/A
   69               2.35757e-02       3.52836e-02       0.00000e+00         N/A          N/A            N/A
   70               1.93365e-02       3.61760e-02       0.00000e+00         N/A          N/A            N/A
   71               2.44183e-02       4.56835e-02       0.00000e+00         N/A          N/A            N/A
   72               2.63470e-02       3.94310e-02       0.00000e+00         N/A          N/A            N/A
   73               3.18188e-02       5.95286e-02       0.00000e+00         N/A          N/A            N/A
   74               3.21208e-02       4.80721e-02       0.00000e+00         N/A          N/A            N/A
   75               5.19887e-02       9.72627e-02       0.00000e+00         N/A          N/A            N/A
   76               4.58469e-02       6.86148e-02       0.00000e+00         N/A          N/A            N/A
   77               2.82854e-02       3.44658e-02       0.00000e+00         N/A          N/A            N/A
   78               3.00062e-02       3.00062e-02       0.00000e+00         N/A          N/A            N/A
   79               2.60225e-02       3.17086e-02       0.00000e+00         N/A          N/A            N/A
   80               3.28616e-02       4.00419e-02       0.00000e+00         N/A          N/A            N/A
   81               3.35334e-02       3.35334e-02       0.00000e+00         N/A          N/A            N/A
   82               4.28209e-02       5.21774e-02       0.00000e+00         N/A          N/A            N/A
   83               4.08820e-02       4.08820e-02       0.00000e+00         N/A          N/A            N/A
   84               6.99647e-02       8.52518e-02       0.00000e+00         N/A          N/A            N/A
   85               5.83522e-02       5.83522e-02       0.00000e+00         N/A          N/A            N/A
   86               3.44658e-02       2.82854e-02       0.00000e+00         N/A          N/A            N/A
   87               3.52836e-02       2.35757e-02       0.00000e+00         N/A          N/A            N/A
   88               3.17086e-02       2.60225e-02       0.00000e+00         N/A          N/A            N/A
   89               4.00419e-02       3.28616e-02       0.00000e+00         N/A          N/A            N/A
   90               3.94310e-02       2.63470e-02       0.00000e+00         N/A          N/A            N/A
   91               5.21774e-02       4.28209e-02       0.00000e+00         N/A          N/A            N/A
   92               4.80721e-02       3.21208e-02       0.00000e+00         N/A          N/A            N/A
   93               8.52518e-02       6.99647e-02       0.00000e+00         N/A          N/A            N/A
   94               6.86148e-02       4.58469e-02       0.00000e+00         N/A          N/A            N/A
   95               3.93218e-02       2.10179e-02       0.00000e+00         N/A          N/A            N/A
   96               3.92050e-02       1.62392e-02       0.00000e+00         N/A          N/A            N/A
   97               3.61760e-02       1.93365e-02       0.00000e+00         N/A          N/A            N/A
   98               4.56835e-02       2.44183e-02       0.00000e+00         N/A          N/A            N/A
   99               4.38134e-02       1.81481e-02       0.00000e+00         N/A          N/A            N/A
  100               5.95286e-02       3.18188e-02       0.00000e+00         N/A          N/A            N/A
  101               5.34148e-02       2.21251e-02       0.00000e+00         N/A          N/A            N/A
  102               9.72627e-02       5.19887e-02       0.00000e+00         N/A          N/A            N/A
  103               7.62404e-02       3.15798e-02       0.00000e+00         N/A          N/A            N/A
  104               4.26666e-02       1.29428e-02       0.00000e+00         N/A          N/A            N/A
  105               4.16197e-02       8.27868e-03       0.00000e+00         N/A          N/A            N/A
  106               3.92532e-02       1.19073e-02       0.00000e+00         N/A          N/A            N/A
  107               4.95694e-02       1.50367e-02       0.00000e+00         N/A          N/A            N/A
  108               4.65120e-02       9.25182e-03       0.00000e+00         N/A          N/A            N/A
  109               6.45922e-02       1.95939e-02       0.00000e+00         N/A          N/A            N/A
  110               5.67048e-02       1.12793e-02       0.00000e+00         N/A          N/A            N/A
  111               1.05536e-01       3.20145e-02       0.00000e+00         N/A          N/A            N/A
  112               8.09362e-02       1.60993e-02       0.00000e+00         N/A          N/A            N/A
  113               4.43717e-02       4.37023e-03       0.00000e+00         N/A          N/A            N/A
  114               4.24351e-02       0.00000e+00       0.00000e+00         N/A          N/A            N/A
  115               4.08220e-02       4.02061e-03       0.00000e+00         N/A          N/A            N/A
  116               5.15504e-02       5.07727e-03       0.00000e+00         N/A          N/A            N/A
  117               4.74232e-02       0.00000e+00       0.00000e+00         N/A          N/A            N/A
  118               6.71736e-02       6.61601e-03       0.00000e+00         N/A          N/A            N/A
  119               5.78157e-02       0.00000e+00       0.00000e+00         N/A          N/A            N/A
  120               1.09754e-01       1.08099e-02       0.00000e+00         N/A          N/A            N/A
  121               8.25219e-02       0.00000e+00       0.00000e+00         N/A          N/A            N/A

 S T R E S S  C A L C U L A T I O N S  F O R  E L E M E N T  G R O U P    1

ELEMENT NUMBER	  	x-coord	    	    y-coord           Sigma_xx             sigma_yy               Sigma_xy
GAUSSPOINT NUMBER
       1-1           1.59368e-01           3.83599e+00       1.38734e-01          -5.40160e-03          -6.15125e-03
       1-2           5.92058e-01           3.79337e+00       1.35602e-01          -2.26974e-03          -2.18961e-02
       1-3           1.40789e-01           3.39735e+00       1.58635e-01          -2.53075e-02          -7.70067e-03
       1-4           5.24707e-01           3.35954e+00       1.54581e-01          -2.12536e-02          -2.80812e-02
       2-1           1.27455e-01           3.07895e+00       1.78499e-01          -4.51588e-02          -9.40748e-03
       2-2           4.75668e-01           3.04466e+00       1.73587e-01          -4.02464e-02          -3.41035e-02
       2-3           1.09603e-01           2.64770e+00       2.18159e-01          -8.48180e-02          -1.27385e-02
       2-4           4.09044e-01           2.61821e+00       2.11503e-01          -7.81621e-02          -4.62028e-02
       3-1           9.65343e-02           2.33200e+00       2.61369e-01          -1.28044e-01          -1.61610e-02
       3-2           3.60271e-01           2.30602e+00       2.52733e-01          -1.19407e-01          -5.95800e-02
       3-3           7.86823e-02           1.90074e+00       3.61046e-01          -2.27729e-01          -2.42261e-02
       3-4           2.93646e-01           1.87957e+00       3.47907e-01          -2.14592e-01          -9.02737e-02
       4-1           6.56802e-02           1.58572e+00       4.85189e-01          -3.51826e-01          -3.49812e-02
       4-2           2.44940e-01           1.56806e+00       4.66718e-01          -3.33355e-01          -1.27838e-01
       4-3           4.80099e-02           1.15631e+00       8.66961e-01          -7.33637e-01          -6.59660e-02
       4-4           1.78497e-01           1.14346e+00       8.31290e-01          -6.97954e-01          -2.45322e-01
       5-1           9.04670e-01           3.73119e+00       1.30894e-01           2.43819e-03          -3.32622e-02
       5-2           1.32073e+00           3.60498e+00       1.21976e-01           1.13570e-02          -4.66101e-02
       5-3           8.00875e-01           3.30461e+00       1.48687e-01          -1.53599e-02          -4.23102e-02
       5-4           1.17004e+00           3.19262e+00       1.37142e-01          -3.81518e-03          -5.95882e-02
       6-1           7.25680e-01           2.99493e+00       1.66386e-01          -3.30462e-02          -5.14863e-02
       6-2           1.06051e+00           2.89336e+00       1.52397e-01          -1.90573e-02          -7.24226e-02
       6-3           6.24037e-01           2.57544e+00       2.01754e-01          -6.84121e-02          -6.97412e-02
       6-4           9.11971e-01           2.48810e+00       1.82798e-01          -4.94564e-02          -9.81109e-02
       7-1           5.49630e-01           2.26836e+00       2.40363e-01          -1.07039e-01          -8.94415e-02
       7-2           8.03231e-01           2.19143e+00       2.15768e-01          -8.24444e-02          -1.26250e-01
       7-3           4.47987e-01           1.84887e+00       3.29368e-01          -1.96051e-01          -1.35038e-01
       7-4           6.54690e-01           1.78617e+00       2.91954e-01          -1.58636e-01          -1.91034e-01
       8-1           3.73777e-01           1.54244e+00       4.39940e-01          -3.06582e-01          -1.92472e-01
       8-2           5.46148e-01           1.49015e+00       3.87343e-01          -2.53988e-01          -2.71190e-01
       8-3           2.72672e-01           1.12472e+00       7.80804e-01          -6.47458e-01          -3.67209e-01
       8-4           3.98145e-01           1.08666e+00       6.79204e-01          -5.45865e-01          -5.19250e-01
       9-1           1.61521e+00           3.48300e+00       1.13277e-01           2.00562e-02          -5.53094e-02
       9-2           1.99865e+00           3.27805e+00       9.99288e-02           3.34041e-02          -6.42282e-02
       9-3           1.43018e+00           3.08487e+00       1.26252e-01           7.07514e-03          -7.04786e-02
       9-4           1.77041e+00           2.90301e+00       1.08974e-01           2.43531e-02          -8.20234e-02
      10-1           1.29602e+00           2.79581e+00       1.39093e-01          -5.75314e-03          -8.57270e-02
      10-2           1.60460e+00           2.63087e+00       1.18157e-01           1.51833e-02          -9.97164e-02
      10-3           1.11449e+00           2.40421e+00       1.64782e-01          -3.14412e-02          -1.16127e-01
      10-4           1.37985e+00           2.26237e+00       1.36412e-01          -3.07176e-03          -1.35083e-01
      11-1           9.81603e-01           2.11754e+00       1.92914e-01          -5.95890e-02          -1.49105e-01
      11-2           1.21532e+00           1.99262e+00       1.56105e-01          -2.27804e-02          -1.73701e-01
      11-3           8.00076e-01           1.72595e+00       2.57690e-01          -1.24377e-01          -2.25294e-01
      11-4           9.90575e-01           1.62412e+00       2.01698e-01          -6.83836e-02          -2.62709e-01
      12-1           6.67509e-01           1.43988e+00       3.37878e-01          -2.04518e-01          -3.20663e-01
      12-2           8.26367e-01           1.35497e+00       2.59156e-01          -1.25799e-01          -3.73264e-01
      12-3           4.86856e-01           1.04992e+00       5.85910e-01          -4.52584e-01          -6.12537e-01
      12-4           6.02492e-01           9.88109e-01       4.33858e-01          -3.00546e-01          -7.14132e-01
      13-1           2.26367e+00           3.10097e+00       8.85628e-02           4.47702e-02          -6.89363e-02
      13-2           2.59976e+00           2.82514e+00       7.28178e-02           6.05152e-02          -7.20682e-02
      13-3           2.00453e+00           2.74658e+00       9.47451e-02           3.85821e-02          -8.79173e-02
      13-4           2.30274e+00           2.50185e+00       7.43644e-02           5.89629e-02          -9.19714e-02
      14-1           1.81655e+00           2.48925e+00       1.00774e-01           3.25661e-02          -1.06917e-01
      14-2           2.08702e+00           2.26727e+00       7.60776e-02           5.72624e-02          -1.11829e-01
      14-3           1.56211e+00           2.14059e+00       1.12874e-01           2.04668e-02          -1.44833e-01
      14-4           1.79470e+00           1.94971e+00       7.94091e-02           5.39311e-02          -1.51489e-01
      15-1           1.37585e+00           1.88535e+00       1.26242e-01           7.08120e-03          -1.86071e-01
      15-2           1.58071e+00           1.71723e+00       8.28231e-02           5.05007e-02          -1.94707e-01
      15-3           1.12142e+00           1.53670e+00       1.56933e-01          -2.36201e-02          -2.81251e-01
      15-4           1.28839e+00           1.39967e+00       9.08831e-02           4.24310e-02          -2.94389e-01
      16-1           9.35589e-01           1.28199e+00       1.94520e-01          -6.11628e-02          -4.00040e-01
      16-2           1.07483e+00           1.16772e+00       1.01659e-01           3.16934e-02          -4.18512e-01
      16-3           6.82330e-01           9.34763e-01       3.11964e-01          -1.78659e-01          -7.64619e-01
      16-4           7.83686e-01           8.51582e-01       1.32616e-01           6.92873e-04          -8.00289e-01
      17-1           2.82514e+00           2.59976e+00       6.05152e-02           7.28178e-02          -7.20682e-02
      17-2           3.10097e+00           2.26367e+00       4.47702e-02           8.85628e-02          -6.89363e-02
      17-3           2.50185e+00           2.30274e+00       5.89629e-02           7.43644e-02          -9.19714e-02
      17-4           2.74658e+00           2.00453e+00       3.85821e-02           9.47451e-02          -8.79173e-02
      18-1           2.26727e+00           2.08702e+00       5.72624e-02           7.60776e-02          -1.11829e-01
      18-2           2.48925e+00           1.81655e+00       3.25661e-02           1.00774e-01          -1.06917e-01
      18-3           1.94971e+00           1.79470e+00       5.39311e-02           7.94091e-02          -1.51489e-01
      18-4           2.14059e+00           1.56211e+00       2.04668e-02           1.12874e-01          -1.44833e-01
      19-1           1.71723e+00           1.58071e+00       5.05007e-02           8.28231e-02          -1.94707e-01
      19-2           1.88535e+00           1.37585e+00       7.08120e-03           1.26242e-01          -1.86071e-01
      19-3           1.39967e+00           1.28839e+00       4.24310e-02           9.08831e-02          -2.94389e-01
      19-4           1.53670e+00           1.12142e+00      -2.36201e-02           1.56933e-01          -2.81251e-01
      20-1           1.16772e+00           1.07483e+00       3.16934e-02           1.01659e-01          -4.18512e-01
      20-2           1.28199e+00           9.35589e-01      -6.11628e-02           1.94520e-01          -4.00040e-01
      20-3           8.51582e-01           7.83686e-01       6.92873e-04           1.32616e-01          -8.00289e-01
      20-4           9.34763e-01           6.82330e-01      -1.78659e-01           3.11964e-01          -7.64619e-01
      21-1           3.27805e+00           1.99865e+00       3.34041e-02           9.99288e-02          -6.42282e-02
      21-2           3.48300e+00           1.61521e+00       2.00562e-02           1.13277e-01          -5.53094e-02
      21-3           2.90301e+00           1.77041e+00       2.43531e-02           1.08974e-01          -8.20234e-02
      21-4           3.08487e+00           1.43018e+00       7.07514e-03           1.26252e-01          -7.04786e-02
      22-1           2.63087e+00           1.60460e+00       1.51833e-02           1.18157e-01          -9.97164e-02
      22-2           2.79581e+00           1.29602e+00      -5.75314e-03           1.39093e-01          -8.57270e-02
      22-3           2.26237e+00           1.37985e+00      -3.07176e-03           1.36412e-01          -1.35083e-01
      22-4           2.40421e+00           1.11449e+00      -3.14412e-02           1.64782e-01          -1.16127e-01
      23-1           1.99262e+00           1.21532e+00      -2.27804e-02           1.56105e-01          -1.73701e-01
      23-2           2.11754e+00           9.81603e-01      -5.95890e-02           1.92914e-01          -1.49105e-01
      23-3           1.62412e+00           9.90575e-01      -6.83836e-02           2.01698e-01          -2.62709e-01
      23-4           1.72595e+00           8.00076e-01      -1.24377e-01           2.57690e-01          -2.25294e-01
      24-1           1.35497e+00           8.26367e-01      -1.25799e-01           2.59156e-01          -3.73264e-01
      24-2           1.43988e+00           6.67509e-01      -2.04518e-01           3.37878e-01          -3.20663e-01
      24-3           9.88109e-01           6.02492e-01      -3.00546e-01           4.33858e-01          -7.14132e-01
      24-4           1.04992e+00           4.86856e-01      -4.52584e-01           5.85910e-01          -6.12537e-01
      25-1           3.60498e+00           1.32073e+00       1.13570e-02           1.21976e-01          -4.66101e-02
      25-2           3.73119e+00           9.04670e-01       2.43819e-03           1.30894e-01          -3.32622e-02
      25-3           3.19262e+00           1.17004e+00      -3.81518e-03           1.37142e-01          -5.95882e-02
      25-4           3.30461e+00           8.00875e-01      -1.53599e-02           1.48687e-01          -4.23102e-02
      26-1           2.89336e+00           1.06051e+00      -1.90573e-02           1.52397e-01          -7.24226e-02
      26-2           2.99493e+00           7.25680e-01      -3.30462e-02           1.66386e-01          -5.14863e-02
      26-3           2.48810e+00           9.11971e-01      -4.94564e-02           1.82798e-01          -9.81109e-02
      26-4           2.57544e+00           6.24037e-01      -6.84121e-02           2.01754e-01          -6.97412e-02
      27-1           2.19143e+00           8.03231e-01      -8.24444e-02           2.15768e-01          -1.26250e-01
      27-2           2.26836e+00           5.49630e-01      -1.07039e-01           2.40363e-01          -8.94415e-02
      27-3           1.78617e+00           6.54690e-01      -1.58636e-01           2.91954e-01          -1.91034e-01
      27-4           1.84887e+00           4.47987e-01      -1.96051e-01           3.29368e-01          -1.35038e-01
      28-1           1.49015e+00           5.46148e-01      -2.53988e-01           3.87343e-01          -2.71190e-01
      28-2           1.54244e+00           3.73777e-01      -3.06582e-01           4.39940e-01          -1.92472e-01
      28-3           1.08666e+00           3.98145e-01      -5.45865e-01           6.79204e-01          -5.19250e-01
      28-4           1.12472e+00           2.72672e-01      -6.47458e-01           7.80804e-01          -3.67209e-01
      29-1           3.79337e+00           5.92058e-01      -2.26974e-03           1.35602e-01          -2.18961e-02
      29-2           3.83599e+00           1.59368e-01      -5.40160e-03           1.38734e-01          -6.15125e-03
      29-3           3.35954e+00           5.24707e-01      -2.12536e-02           1.54581e-01          -2.80812e-02
      29-4           3.39735e+00           1.40789e-01      -2.53075e-02           1.58635e-01          -7.70067e-03
      30-1           3.04466e+00           4.75668e-01      -4.02464e-02           1.73587e-01          -3.41035e-02
      30-2           3.07895e+00           1.27455e-01      -4.51588e-02           1.78499e-01          -9.40748e-03
      30-3           2.61821e+00           4.09044e-01      -7.81621e-02           2.11503e-01          -4.62028e-02
      30-4           2.64770e+00           1.09603e-01      -8.48180e-02           2.18159e-01          -1.27385e-02
      31-1           2.30602e+00           3.60271e-01      -1.19407e-01           2.52733e-01          -5.95800e-02
      31-2           2.33200e+00           9.65343e-02      -1.28044e-01           2.61369e-01          -1.61610e-02
      31-3           1.87957e+00           2.93646e-01      -2.14592e-01           3.47907e-01          -9.02737e-02
      31-4           1.90074e+00           7.86823e-02      -2.27729e-01           3.61046e-01          -2.42261e-02
      32-1           1.56806e+00           2.44940e-01      -3.33355e-01           4.66718e-01          -1.27838e-01
      32-2           1.58572e+00           6.56802e-02      -3.51826e-01           4.85189e-01          -3.49812e-02
      32-3           1.14346e+00           1.78497e-01      -6.97954e-01           8.31290e-01          -2.45322e-01
      32-4           1.15631e+00           4.80099e-02      -7.33637e-01           8.66961e-01          -6.59660e-02


 S O L U T I O N   T I M E   L O G   I N   S E C 

     TIME FOR INPUT PHASE = 4.94000e-01
     TIME FOR CALCULATION OF STIFFNESS MATRIX = 1.00000e-03
     TIME FOR FACTORIZATION AND LOAD CASE SOLUTIONS = 6.33000e-01

     T O T A L   S O L U T I O N   T I M E = 1.12800e+00

